#
# There is insufficient memory for the Java Runtime Environment to continue.
# Native memory allocation (malloc) failed to allocate 1048576 bytes for AllocateHeap
# Possible reasons:
#   The system is out of physical RAM or swap space
#   The process is running with CompressedOops enabled, and the Java Heap may be blocking the growth of the native heap
# Possible solutions:
#   Reduce memory load on the system
#   Increase physical memory or swap space
#   Check if swap backing store is full
#   Decrease Java heap size (-Xmx/-Xms)
#   Decrease number of Java threads
#   Decrease Java thread stack sizes (-Xss)
#   Set larger code cache with -XX:ReservedCodeCacheSize=
#   JVM is running with Unscaled Compressed Oops mode in which the Java heap is
#     placed in the first 4GB address space. The Java Heap base address is the
#     maximum limit for the native heap growth. Please use -XX:HeapBaseMinAddress
#     to set the Java Heap base and to place the Java Heap above 4GB virtual address.
# This output file may be truncated or incomplete.
#
#  Out of Memory Error (allocation.cpp:44), pid=20464, tid=26916
#
# JRE version: OpenJDK Runtime Environment Temurin-17.0.7+7 (17.0.7+7) (build 17.0.7+7)
# Java VM: OpenJDK 64-Bit Server VM Temurin-17.0.7+7 (17.0.7+7, mixed mode, emulated-client, tiered, compressed oops, compressed class ptrs, g1 gc, windows-amd64)
# No core dump will be written. Minidumps are not enabled by default on client versions of Windows
#

---------------  S U M M A R Y ------------

Command Line: -XX:+HeapDumpOnOutOfMemoryError -Xmx1024m -Dsts.lsp.client=vscode -Dsts.log.file=/dev/null -XX:TieredStopAtLevel=1 -Xlog:jni+resolve=off -Dspring.config.location=file:c:\Users\Admin\.vscode\extensions\vmware.vscode-spring-boot-1.46.0\language-server\BOOT-INF\classes\application.properties org.springframework.ide.vscode.boot.app.BootLanguageServerBootApp

Host: AMD Ryzen 5 2600 Six-Core Processor            , 12 cores, 15G,  Windows 10 , 64 bit Build 19041 (10.0.19041.2913)
Time: Wed May 24 21:41:03 2023 SE Asia Standard Time elapsed time: 20267.566118 seconds (0d 5h 37m 47s)

---------------  T H R E A D  ---------------

Current thread (0x000001478440c920):  VMThread "VM Thread" [stack: 0x00000032c0400000,0x00000032c0500000] [id=26916]

Stack: [0x00000032c0400000,0x00000032c0500000]
Native frames: (J=compiled Java code, j=interpreted, Vv=VM code, C=native code)
V  [jvm.dll+0x67754a]
V  [jvm.dll+0x834304]
V  [jvm.dll+0x835aae]
V  [jvm.dll+0x836113]
V  [jvm.dll+0x24696f]
V  [jvm.dll+0xa681f]
V  [jvm.dll+0x2f73f3]
V  [jvm.dll+0x2f30f0]
V  [jvm.dll+0x2db6c7]
V  [jvm.dll+0x31e777]
V  [jvm.dll+0x83a5bb]
V  [jvm.dll+0x83b2f4]
V  [jvm.dll+0x83b80c]
V  [jvm.dll+0x83bbe4]
V  [jvm.dll+0x83bcb0]
V  [jvm.dll+0x7e4e7a]
V  [jvm.dll+0x676395]
C  [ucrtbase.dll+0x21bb2]
C  [KERNEL32.DLL+0x17614]
C  [ntdll.dll+0x526a1]

VM_Operation (0x00000032c20feac0): G1CollectFull, mode: safepoint, requested by thread 0x000001478467e820


---------------  P R O C E S S  ---------------

Threads class SMR info:
_java_thread_list=0x000001478958b800, length=32, elements={
0x0000014784416fa0, 0x0000014784417e60, 0x000001478441e1f0, 0x0000014784468f30,
0x000001478446d230, 0x000001478446e300, 0x000001478446f1e0, 0x0000014784472fe0,
0x000001478467e350, 0x000001478467c1a0, 0x000001478467f1c0, 0x000001478467d9b0,
0x000001478467e820, 0x000001478467f690, 0x000001478467ecf0, 0x000001478467de80,
0x000001478467bcd0, 0x000001478a37e700, 0x000001478a37ca20, 0x000001478a37ebd0,
0x0000014789606080, 0x000001478960a8b0, 0x000001478960b250, 0x0000014789608230,
0x000001478a37cef0, 0x000001478a37a870, 0x000001478a37f0a0, 0x000001478a37d3c0,
0x000001478a37e230, 0x000001478a37d890, 0x000001478a379060, 0x000001478a3781f0
}

Java Threads: ( => current thread )
  0x0000014784416fa0 JavaThread "Reference Handler" daemon [_thread_blocked, id=12040, stack(0x00000032c0500000,0x00000032c0600000)]
  0x0000014784417e60 JavaThread "Finalizer" daemon [_thread_blocked, id=9028, stack(0x00000032c0600000,0x00000032c0700000)]
  0x000001478441e1f0 JavaThread "Signal Dispatcher" daemon [_thread_blocked, id=28276, stack(0x00000032c0700000,0x00000032c0800000)]
  0x0000014784468f30 JavaThread "Attach Listener" daemon [_thread_blocked, id=18240, stack(0x00000032c0800000,0x00000032c0900000)]
  0x000001478446d230 JavaThread "Service Thread" daemon [_thread_blocked, id=20972, stack(0x00000032c0900000,0x00000032c0a00000)]
  0x000001478446e300 JavaThread "Monitor Deflation Thread" daemon [_thread_blocked, id=13404, stack(0x00000032c0a00000,0x00000032c0b00000)]
  0x000001478446f1e0 JavaThread "C1 CompilerThread0" daemon [_thread_blocked, id=12468, stack(0x00000032c0b00000,0x00000032c0c00000)]
  0x0000014784472fe0 JavaThread "Sweeper thread" daemon [_thread_blocked, id=18164, stack(0x00000032c0c00000,0x00000032c0d00000)]
  0x000001478467e350 JavaThread "Notification Thread" daemon [_thread_blocked, id=21068, stack(0x00000032c0d00000,0x00000032c0e00000)]
  0x000001478467c1a0 JavaThread "Common-Cleaner" daemon [_thread_blocked, id=20760, stack(0x00000032c0f00000,0x00000032c1000000)]
  0x000001478467f1c0 JavaThread "boundedElastic-evictor-1" daemon [_thread_blocked, id=12180, stack(0x00000032c1600000,0x00000032c1700000)]
  0x000001478467d9b0 JavaThread "boundedElastic-evictor-2" daemon [_thread_blocked, id=5648, stack(0x00000032c1f00000,0x00000032c2000000)]
  0x000001478467e820 JavaThread "pool-10-thread-1" [_thread_blocked, id=7712, stack(0x00000032c2000000,0x00000032c2100000)]
  0x000001478467f690 JavaThread "LanguageServerApp-lifecycle" [_thread_blocked, id=2088, stack(0x00000032c2100000,0x00000032c2200000)]
  0x000001478467ecf0 JavaThread "DestroyJavaVM" [_thread_blocked, id=26860, stack(0x00000032bfe00000,0x00000032bff00000)]
  0x000001478467de80 JavaThread "pool-11-thread-1" [_thread_in_native, id=21648, stack(0x00000032c2200000,0x00000032c2300000)]
  0x000001478467bcd0 JavaThread "Simple-Language-Server main thread" daemon [_thread_blocked, id=20792, stack(0x00000032c2300000,0x00000032c2400000)]
  0x000001478a37e700 JavaThread "parallel-1" daemon [_thread_blocked, id=7460, stack(0x00000032c3b00000,0x00000032c3c00000)]
  0x000001478a37ca20 JavaThread "pool-4-thread-1" [_thread_blocked, id=9336, stack(0x00000032c3d00000,0x00000032c3e00000)]
  0x000001478a37ebd0 JavaThread "parallel-2" daemon [_thread_blocked, id=22168, stack(0x00000032c3e00000,0x00000032c3f00000)]
  0x0000014789606080 JavaThread "parallel-3" daemon [_thread_blocked, id=21016, stack(0x00000032c2800000,0x00000032c2900000)]
  0x000001478960a8b0 JavaThread "pool-6-thread-1" [_thread_blocked, id=16972, stack(0x00000032c1b00000,0x00000032c1c00000)]
  0x000001478960b250 JavaThread "parallel-4" daemon [_thread_blocked, id=6352, stack(0x00000032c2900000,0x00000032c2a00000)]
  0x0000014789608230 JavaThread "Reconciler-1" daemon [_thread_blocked, id=5340, stack(0x00000032c2d00000,0x00000032c2e00000)]
  0x000001478a37cef0 JavaThread "parallel-5" daemon [_thread_blocked, id=27416, stack(0x00000032c2f00000,0x00000032c3000000)]
  0x000001478a37a870 JavaThread "parallel-6" daemon [_thread_blocked, id=13732, stack(0x00000032c3000000,0x00000032c3100000)]
  0x000001478a37f0a0 JavaThread "parallel-7" daemon [_thread_blocked, id=2224, stack(0x00000032bfb00000,0x00000032bfc00000)]
  0x000001478a37d3c0 JavaThread "parallel-8" daemon [_thread_blocked, id=20548, stack(0x00000032bfc00000,0x00000032bfd00000)]
  0x000001478a37e230 JavaThread "parallel-9" daemon [_thread_blocked, id=18776, stack(0x00000032c2400000,0x00000032c2500000)]
  0x000001478a37d890 JavaThread "parallel-10" daemon [_thread_blocked, id=6580, stack(0x00000032c2500000,0x00000032c2600000)]
  0x000001478a379060 JavaThread "parallel-11" daemon [_thread_blocked, id=13480, stack(0x00000032c2600000,0x00000032c2700000)]
  0x000001478a3781f0 JavaThread "parallel-12" daemon [_thread_blocked, id=20888, stack(0x00000032c2700000,0x00000032c2800000)]

Other Threads:
=>0x000001478440c920 VMThread "VM Thread" [stack: 0x00000032c0400000,0x00000032c0500000] [id=26916]
  0x00000147f710d810 WatcherThread [stack: 0x00000032c0e00000,0x00000032c0f00000] [id=12128]
  0x00000147f70f1e40 GCTaskThread "GC Thread#0" [stack: 0x00000032bff00000,0x00000032c0000000] [id=5600]
  0x00000147898d7a30 GCTaskThread "GC Thread#1" [stack: 0x00000032c1100000,0x00000032c1200000] [id=22300]
  0x00000147898d7ce0 GCTaskThread "GC Thread#2" [stack: 0x00000032c1200000,0x00000032c1300000] [id=14024]
  0x00000147898cb8b0 GCTaskThread "GC Thread#3" [stack: 0x00000032c1300000,0x00000032c1400000] [id=13328]
  0x00000147898cbb60 GCTaskThread "GC Thread#4" [stack: 0x00000032c1400000,0x00000032c1500000] [id=19152]
  0x00000147898cc220 GCTaskThread "GC Thread#5" [stack: 0x00000032c1500000,0x00000032c1600000] [id=1364]
  0x0000014789b1e1b0 GCTaskThread "GC Thread#6" [stack: 0x00000032c1800000,0x00000032c1900000] [id=648]
  0x0000014789b1e460 GCTaskThread "GC Thread#7" [stack: 0x00000032c1900000,0x00000032c1a00000] [id=25660]
  0x00000147895150c0 GCTaskThread "GC Thread#8" [stack: 0x00000032c1a00000,0x00000032c1b00000] [id=2920]
  0x0000014789cfe790 GCTaskThread "GC Thread#9" [stack: 0x00000032c1c00000,0x00000032c1d00000] [id=18048]
  0x00000147f70fac90 ConcurrentGCThread "G1 Main Marker" [stack: 0x00000032c0000000,0x00000032c0100000] [id=3432]
  0x00000147f70fbd50 ConcurrentGCThread "G1 Conc#0" [stack: 0x00000032c0100000,0x00000032c0200000] [id=23084]
  0x0000014789c72c40 ConcurrentGCThread "G1 Conc#1" [stack: 0x00000032c1d00000,0x00000032c1e00000] [id=19648]
  0x0000014789bee8c0 ConcurrentGCThread "G1 Conc#2" [stack: 0x00000032c1e00000,0x00000032c1f00000] [id=25872]
  0x00000147f717eb90 ConcurrentGCThread "G1 Refine#0" [stack: 0x00000032c0200000,0x00000032c0300000] [id=3872]
  0x000001478a1c1350 ConcurrentGCThread "G1 Refine#1" [stack: 0x00000032c3c00000,0x00000032c3d00000] [id=28660]
  0x000001478a1c1910 ConcurrentGCThread "G1 Refine#2" [stack: 0x00000032c3f00000,0x00000032c4000000] [id=11708]
  0x000001478a1c1630 ConcurrentGCThread "G1 Refine#3" [stack: 0x00000032c4200000,0x00000032c4300000] [id=10984]
  0x000001478a1c1bf0 ConcurrentGCThread "G1 Refine#4" [stack: 0x00000032c4300000,0x00000032c4400000] [id=4296]
  0x000001478a1c2490 ConcurrentGCThread "G1 Refine#5" [stack: 0x00000032c4400000,0x00000032c4500000] [id=22580]
  0x000001478a1c2a50 ConcurrentGCThread "G1 Refine#6" [stack: 0x00000032c4600000,0x00000032c4700000] [id=21684]
  0x000001478959a800 ConcurrentGCThread "G1 Refine#7" [stack: 0x00000032c4800000,0x00000032c4900000] [id=9184]
  0x0000014789597720 ConcurrentGCThread "G1 Refine#8" [stack: 0x00000032c4900000,0x00000032c4a00000] [id=28596]
  0x000001478959a240 ConcurrentGCThread "G1 Refine#9" [stack: 0x00000032c4a00000,0x00000032c4b00000] [id=15824]
  0x00000147842876d0 ConcurrentGCThread "G1 Service" [stack: 0x00000032c0300000,0x00000032c0400000] [id=3480]

Threads with active compile tasks:

VM state: at safepoint (normal execution)

VM Mutex/Monitor currently owned by a thread:  ([mutex/lock_event])
[0x00000147f6de9500] Threads_lock - owner thread: 0x000001478440c920
[0x00000147f70ad950] Heap_lock - owner thread: 0x000001478467e820

Heap address: 0x00000000c0000000, size: 1024 MB, Compressed Oops mode: 32-bit

CDS archive(s) not mapped
Compressed class space mapped at: 0x0000000100000000-0x0000000140000000, reserved size: 1073741824
Narrow klass base: 0x0000000000000000, Narrow klass shift: 3, Narrow klass range: 0x140000000

GC Precious Log:
 CPUs: 12 total, 12 available
 Memory: 16334M
 Large Page Support: Disabled
 NUMA Support: Disabled
 Compressed Oops: Enabled (32-bit)
 Heap Region Size: 1M
 Heap Min Capacity: 8M
 Heap Initial Capacity: 256M
 Heap Max Capacity: 1G
 Pre-touch: Disabled
 Parallel Workers: 10
 Concurrent Workers: 3
 Concurrent Refinement Workers: 10
 Periodic GC: Disabled

Heap:
 garbage-first heap   total 304128K, used 113494K [0x00000000c0000000, 0x0000000100000000)
  region size 1024K, 1 young (1024K), 0 survivors (0K)
 Metaspace       used 72574K, committed 73152K, reserved 1114112K
  class space    used 9966K, committed 10240K, reserved 1048576K

Heap Regions: E=young(eden), S=young(survivor), O=old, HS=humongous(starts), HC=humongous(continues), CS=collection set, F=free, OA=open archive, CA=closed archive, TAMS=top-at-mark-start (previous, next)
|   0|0x00000000c0000000, 0x00000000c00fffa0, 0x00000000c0100000| 99%| O|  |TAMS 0x00000000c00fffa0, 0x00000000c0000000| Untracked 
|   1|0x00000000c0100000, 0x00000000c0200000, 0x00000000c0200000|100%| O|  |TAMS 0x00000000c0200000, 0x00000000c0100000| Untracked 
|   2|0x00000000c0200000, 0x00000000c0300000, 0x00000000c0300000|100%| O|  |TAMS 0x00000000c0300000, 0x00000000c0200000| Untracked 
|   3|0x00000000c0300000, 0x00000000c0400000, 0x00000000c0400000|100%| O|  |TAMS 0x00000000c0400000, 0x00000000c0300000| Untracked 
|   4|0x00000000c0400000, 0x00000000c04ffff8, 0x00000000c0500000| 99%| O|  |TAMS 0x00000000c04ffff8, 0x00000000c0400000| Untracked 
|   5|0x00000000c0500000, 0x00000000c0600000, 0x00000000c0600000|100%| O|  |TAMS 0x00000000c0600000, 0x00000000c0500000| Untracked 
|   6|0x00000000c0600000, 0x00000000c0700000, 0x00000000c0700000|100%| O|  |TAMS 0x00000000c0700000, 0x00000000c0600000| Untracked 
|   7|0x00000000c0700000, 0x00000000c07fffd0, 0x00000000c0800000| 99%| O|  |TAMS 0x00000000c07fffd0, 0x00000000c0700000| Untracked 
|   8|0x00000000c0800000, 0x00000000c0900000, 0x00000000c0900000|100%| O|  |TAMS 0x00000000c0900000, 0x00000000c0800000| Untracked 
|   9|0x00000000c0900000, 0x00000000c0a00000, 0x00000000c0a00000|100%| O|  |TAMS 0x00000000c0a00000, 0x00000000c0900000| Untracked 
|  10|0x00000000c0a00000, 0x00000000c0afffe8, 0x00000000c0b00000| 99%| O|  |TAMS 0x00000000c0afffe8, 0x00000000c0a00000| Untracked 
|  11|0x00000000c0b00000, 0x00000000c0bffff0, 0x00000000c0c00000| 99%| O|  |TAMS 0x00000000c0bffff0, 0x00000000c0b00000| Untracked 
|  12|0x00000000c0c00000, 0x00000000c0cfffa8, 0x00000000c0d00000| 99%| O|  |TAMS 0x00000000c0cfffa8, 0x00000000c0c00000| Untracked 
|  13|0x00000000c0d00000, 0x00000000c0dffff0, 0x00000000c0e00000| 99%| O|  |TAMS 0x00000000c0dffff0, 0x00000000c0d00000| Untracked 
|  14|0x00000000c0e00000, 0x00000000c0f00000, 0x00000000c0f00000|100%| O|  |TAMS 0x00000000c0f00000, 0x00000000c0e00000| Untracked 
|  15|0x00000000c0f00000, 0x00000000c0ffffe0, 0x00000000c1000000| 99%| O|  |TAMS 0x00000000c0ffffe0, 0x00000000c0f00000| Untracked 
|  16|0x00000000c1000000, 0x00000000c1100000, 0x00000000c1100000|100%| O|  |TAMS 0x00000000c1100000, 0x00000000c1000000| Untracked 
|  17|0x00000000c1100000, 0x00000000c11ffff8, 0x00000000c1200000| 99%| O|  |TAMS 0x00000000c11ffff8, 0x00000000c1100000| Untracked 
|  18|0x00000000c1200000, 0x00000000c12fffe8, 0x00000000c1300000| 99%| O|  |TAMS 0x00000000c12fffe8, 0x00000000c1200000| Untracked 
|  19|0x00000000c1300000, 0x00000000c13ffb90, 0x00000000c1400000| 99%| O|  |TAMS 0x00000000c13ffb90, 0x00000000c1300000| Untracked 
|  20|0x00000000c1400000, 0x00000000c14ffff0, 0x00000000c1500000| 99%| O|  |TAMS 0x00000000c14ffff0, 0x00000000c1400000| Untracked 
|  21|0x00000000c1500000, 0x00000000c15fffe8, 0x00000000c1600000| 99%| O|  |TAMS 0x00000000c15fffe8, 0x00000000c1500000| Untracked 
|  22|0x00000000c1600000, 0x00000000c16fffe8, 0x00000000c1700000| 99%| O|  |TAMS 0x00000000c16fffe8, 0x00000000c1600000| Untracked 
|  23|0x00000000c1700000, 0x00000000c1800000, 0x00000000c1800000|100%| O|  |TAMS 0x00000000c1800000, 0x00000000c1700000| Untracked 
|  24|0x00000000c1800000, 0x00000000c18ffff0, 0x00000000c1900000| 99%| O|  |TAMS 0x00000000c18ffff0, 0x00000000c1800000| Untracked 
|  25|0x00000000c1900000, 0x00000000c19fff68, 0x00000000c1a00000| 99%| O|  |TAMS 0x00000000c19fff68, 0x00000000c1900000| Untracked 
|  26|0x00000000c1a00000, 0x00000000c1b00000, 0x00000000c1b00000|100%| O|  |TAMS 0x00000000c1b00000, 0x00000000c1a00000| Untracked 
|  27|0x00000000c1b00000, 0x00000000c1bfffa8, 0x00000000c1c00000| 99%| O|  |TAMS 0x00000000c1bfffa8, 0x00000000c1b00000| Untracked 
|  28|0x00000000c1c00000, 0x00000000c1cffff0, 0x00000000c1d00000| 99%| O|  |TAMS 0x00000000c1cffff0, 0x00000000c1c00000| Untracked 
|  29|0x00000000c1d00000, 0x00000000c1dff2a0, 0x00000000c1e00000| 99%| O|  |TAMS 0x00000000c1dff2a0, 0x00000000c1d00000| Untracked 
|  30|0x00000000c1e00000, 0x00000000c1f00000, 0x00000000c1f00000|100%| O|  |TAMS 0x00000000c1f00000, 0x00000000c1e00000| Untracked 
|  31|0x00000000c1f00000, 0x00000000c1ffffd8, 0x00000000c2000000| 99%| O|  |TAMS 0x00000000c1ffffd8, 0x00000000c1f00000| Untracked 
|  32|0x00000000c2000000, 0x00000000c20ffff0, 0x00000000c2100000| 99%| O|  |TAMS 0x00000000c20ffff0, 0x00000000c2000000| Untracked 
|  33|0x00000000c2100000, 0x00000000c21ffa88, 0x00000000c2200000| 99%| O|  |TAMS 0x00000000c21ffa88, 0x00000000c2100000| Untracked 
|  34|0x00000000c2200000, 0x00000000c22ffff0, 0x00000000c2300000| 99%| O|  |TAMS 0x00000000c22ffff0, 0x00000000c2200000| Untracked 
|  35|0x00000000c2300000, 0x00000000c23ffff8, 0x00000000c2400000| 99%| O|  |TAMS 0x00000000c23ffff8, 0x00000000c2300000| Untracked 
|  36|0x00000000c2400000, 0x00000000c24fffd8, 0x00000000c2500000| 99%| O|  |TAMS 0x00000000c24fffd8, 0x00000000c2400000| Untracked 
|  37|0x00000000c2500000, 0x00000000c2600000, 0x00000000c2600000|100%| O|  |TAMS 0x00000000c2600000, 0x00000000c2500000| Untracked 
|  38|0x00000000c2600000, 0x00000000c26fffd8, 0x00000000c2700000| 99%| O|  |TAMS 0x00000000c26fffd8, 0x00000000c2600000| Untracked 
|  39|0x00000000c2700000, 0x00000000c27fffd8, 0x00000000c2800000| 99%| O|  |TAMS 0x00000000c27fffd8, 0x00000000c2700000| Untracked 
|  40|0x00000000c2800000, 0x00000000c28ffff8, 0x00000000c2900000| 99%| O|  |TAMS 0x00000000c28ffff8, 0x00000000c2800000| Untracked 
|  41|0x00000000c2900000, 0x00000000c29fffc8, 0x00000000c2a00000| 99%| O|  |TAMS 0x00000000c29fffc8, 0x00000000c2900000| Untracked 
|  42|0x00000000c2a00000, 0x00000000c2afffe8, 0x00000000c2b00000| 99%| O|  |TAMS 0x00000000c2afffe8, 0x00000000c2a00000| Untracked 
|  43|0x00000000c2b00000, 0x00000000c2c00000, 0x00000000c2c00000|100%| O|  |TAMS 0x00000000c2c00000, 0x00000000c2b00000| Untracked 
|  44|0x00000000c2c00000, 0x00000000c2cfffb8, 0x00000000c2d00000| 99%| O|  |TAMS 0x00000000c2cfffb8, 0x00000000c2c00000| Untracked 
|  45|0x00000000c2d00000, 0x00000000c2dfffd8, 0x00000000c2e00000| 99%| O|  |TAMS 0x00000000c2dfffd8, 0x00000000c2d00000| Untracked 
|  46|0x00000000c2e00000, 0x00000000c2f00000, 0x00000000c2f00000|100%| O|  |TAMS 0x00000000c2f00000, 0x00000000c2e00000| Untracked 
|  47|0x00000000c2f00000, 0x00000000c3000000, 0x00000000c3000000|100%| O|  |TAMS 0x00000000c3000000, 0x00000000c2f00000| Untracked 
|  48|0x00000000c3000000, 0x00000000c30fffd0, 0x00000000c3100000| 99%| O|  |TAMS 0x00000000c30fffd0, 0x00000000c3000000| Untracked 
|  49|0x00000000c3100000, 0x00000000c31fffd8, 0x00000000c3200000| 99%| O|  |TAMS 0x00000000c31fffd8, 0x00000000c3100000| Untracked 
|  50|0x00000000c3200000, 0x00000000c3300000, 0x00000000c3300000|100%|HS|  |TAMS 0x00000000c3300000, 0x00000000c3200000| Untracked 
|  51|0x00000000c3300000, 0x00000000c33fffe0, 0x00000000c3400000| 99%| O|  |TAMS 0x00000000c33fffe0, 0x00000000c3300000| Untracked 
|  52|0x00000000c3400000, 0x00000000c34fffc8, 0x00000000c3500000| 99%| O|  |TAMS 0x00000000c34fffc8, 0x00000000c3400000| Untracked 
|  53|0x00000000c3500000, 0x00000000c35fffe8, 0x00000000c3600000| 99%| O|  |TAMS 0x00000000c35fffe8, 0x00000000c3500000| Untracked 
|  54|0x00000000c3600000, 0x00000000c3700000, 0x00000000c3700000|100%| O|  |TAMS 0x00000000c3700000, 0x00000000c3600000| Untracked 
|  55|0x00000000c3700000, 0x00000000c37ffff8, 0x00000000c3800000| 99%| O|  |TAMS 0x00000000c37ffff8, 0x00000000c3700000| Untracked 
|  56|0x00000000c3800000, 0x00000000c38ffff0, 0x00000000c3900000| 99%| O|  |TAMS 0x00000000c38ffff0, 0x00000000c3800000| Untracked 
|  57|0x00000000c3900000, 0x00000000c3a00000, 0x00000000c3a00000|100%| O|  |TAMS 0x00000000c3a00000, 0x00000000c3900000| Untracked 
|  58|0x00000000c3a00000, 0x00000000c3b00000, 0x00000000c3b00000|100%| O|  |TAMS 0x00000000c3b00000, 0x00000000c3a00000| Untracked 
|  59|0x00000000c3b00000, 0x00000000c3bffff0, 0x00000000c3c00000| 99%| O|  |TAMS 0x00000000c3bffff0, 0x00000000c3b00000| Untracked 
|  60|0x00000000c3c00000, 0x00000000c3cfffe0, 0x00000000c3d00000| 99%| O|  |TAMS 0x00000000c3cfffe0, 0x00000000c3c00000| Untracked 
|  61|0x00000000c3d00000, 0x00000000c3dffff8, 0x00000000c3e00000| 99%| O|  |TAMS 0x00000000c3dffff8, 0x00000000c3d00000| Untracked 
|  62|0x00000000c3e00000, 0x00000000c3f00000, 0x00000000c3f00000|100%| O|  |TAMS 0x00000000c3f00000, 0x00000000c3e00000| Untracked 
|  63|0x00000000c3f00000, 0x00000000c3fffff8, 0x00000000c4000000| 99%| O|  |TAMS 0x00000000c3fffff8, 0x00000000c3f00000| Untracked 
|  64|0x00000000c4000000, 0x00000000c4100000, 0x00000000c4100000|100%| O|  |TAMS 0x00000000c4100000, 0x00000000c4000000| Untracked 
|  65|0x00000000c4100000, 0x00000000c41e9e78, 0x00000000c4200000| 91%| O|  |TAMS 0x00000000c4100000, 0x00000000c4100000| Untracked 
|  66|0x00000000c4200000, 0x00000000c42e51c8, 0x00000000c4300000| 89%| O|  |TAMS 0x00000000c4200000, 0x00000000c4200000| Untracked 
|  67|0x00000000c4300000, 0x00000000c4400000, 0x00000000c4400000|100%| O|  |TAMS 0x00000000c4400000, 0x00000000c4300000| Untracked 
|  68|0x00000000c4400000, 0x00000000c44fffe8, 0x00000000c4500000| 99%| O|  |TAMS 0x00000000c44fffe8, 0x00000000c4400000| Untracked 
|  69|0x00000000c4500000, 0x00000000c45fffe8, 0x00000000c4600000| 99%| O|  |TAMS 0x00000000c45fffe8, 0x00000000c4500000| Untracked 
|  70|0x00000000c4600000, 0x00000000c46fb058, 0x00000000c4700000| 98%| O|  |TAMS 0x00000000c46fb058, 0x00000000c4600000| Untracked 
|  71|0x00000000c4700000, 0x00000000c4800000, 0x00000000c4800000|100%|HS|  |TAMS 0x00000000c4800000, 0x00000000c4700000| Untracked 
|  72|0x00000000c4800000, 0x00000000c4900000, 0x00000000c4900000|100%| O|  |TAMS 0x00000000c4900000, 0x00000000c4800000| Untracked 
|  73|0x00000000c4900000, 0x00000000c49fffd8, 0x00000000c4a00000| 99%| O|  |TAMS 0x00000000c49fffd8, 0x00000000c4900000| Untracked 
|  74|0x00000000c4a00000, 0x00000000c4b00000, 0x00000000c4b00000|100%|HS|  |TAMS 0x00000000c4b00000, 0x00000000c4a00000| Untracked 
|  75|0x00000000c4b00000, 0x00000000c4c00000, 0x00000000c4c00000|100%|HC|  |TAMS 0x00000000c4c00000, 0x00000000c4b00000| Untracked 
|  76|0x00000000c4c00000, 0x00000000c4d00000, 0x00000000c4d00000|100%|HC|  |TAMS 0x00000000c4d00000, 0x00000000c4c00000| Untracked 
|  77|0x00000000c4d00000, 0x00000000c4e00000, 0x00000000c4e00000|100%|HC|  |TAMS 0x00000000c4e00000, 0x00000000c4d00000| Untracked 
|  78|0x00000000c4e00000, 0x00000000c4f00000, 0x00000000c4f00000|100%|HC|  |TAMS 0x00000000c4f00000, 0x00000000c4e00000| Untracked 
|  79|0x00000000c4f00000, 0x00000000c5000000, 0x00000000c5000000|100%| O|  |TAMS 0x00000000c5000000, 0x00000000c4f00000| Untracked 
|  80|0x00000000c5000000, 0x00000000c5100000, 0x00000000c5100000|100%| O|  |TAMS 0x00000000c5100000, 0x00000000c5000000| Untracked 
|  81|0x00000000c5100000, 0x00000000c5200000, 0x00000000c5200000|100%| O|  |TAMS 0x00000000c5200000, 0x00000000c5100000| Untracked 
|  82|0x00000000c5200000, 0x00000000c5300000, 0x00000000c5300000|100%| O|  |TAMS 0x00000000c5300000, 0x00000000c5200000| Untracked 
|  83|0x00000000c5300000, 0x00000000c5400000, 0x00000000c5400000|100%| O|  |TAMS 0x00000000c5400000, 0x00000000c5300000| Untracked 
|  84|0x00000000c5400000, 0x00000000c54eaf70, 0x00000000c5500000| 91%| O|  |TAMS 0x00000000c5400000, 0x00000000c5400000| Untracked 
|  85|0x00000000c5500000, 0x00000000c55ffff8, 0x00000000c5600000| 99%| O|  |TAMS 0x00000000c55ffff8, 0x00000000c5500000| Untracked 
|  86|0x00000000c5600000, 0x00000000c56fd360, 0x00000000c5700000| 98%| O|  |TAMS 0x00000000c56fd360, 0x00000000c5600000| Untracked 
|  87|0x00000000c5700000, 0x00000000c57ffff8, 0x00000000c5800000| 99%| O|  |TAMS 0x00000000c57ffff8, 0x00000000c5700000| Untracked 
|  88|0x00000000c5800000, 0x00000000c58ffff0, 0x00000000c5900000| 99%| O|  |TAMS 0x00000000c58ffff0, 0x00000000c5800000| Untracked 
|  89|0x00000000c5900000, 0x00000000c5a00000, 0x00000000c5a00000|100%| O|  |TAMS 0x00000000c5a00000, 0x00000000c5900000| Untracked 
|  90|0x00000000c5a00000, 0x00000000c5afffe0, 0x00000000c5b00000| 99%| O|  |TAMS 0x00000000c5afffe0, 0x00000000c5a00000| Untracked 
|  91|0x00000000c5b00000, 0x00000000c5b9ab98, 0x00000000c5c00000| 60%| O|  |TAMS 0x00000000c5b00000, 0x00000000c5b00000| Untracked 
|  92|0x00000000c5c00000, 0x00000000c5c8a990, 0x00000000c5d00000| 54%| O|  |TAMS 0x00000000c5c00000, 0x00000000c5c00000| Untracked 
|  93|0x00000000c5d00000, 0x00000000c5e00000, 0x00000000c5e00000|100%| O|  |TAMS 0x00000000c5e00000, 0x00000000c5d00000| Untracked 
|  94|0x00000000c5e00000, 0x00000000c5e00000, 0x00000000c5f00000|  0%| F|  |TAMS 0x00000000c5e00000, 0x00000000c5e00000| Untracked 
|  95|0x00000000c5f00000, 0x00000000c5f00000, 0x00000000c6000000|  0%| F|  |TAMS 0x00000000c5f00000, 0x00000000c5f00000| Untracked 
|  96|0x00000000c6000000, 0x00000000c6100000, 0x00000000c6100000|100%| O|  |TAMS 0x00000000c6100000, 0x00000000c6000000| Untracked 
|  97|0x00000000c6100000, 0x00000000c61fffe0, 0x00000000c6200000| 99%| O|  |TAMS 0x00000000c61fffe0, 0x00000000c6100000| Untracked 
|  98|0x00000000c6200000, 0x00000000c6200000, 0x00000000c6300000|  0%| F|  |TAMS 0x00000000c6200000, 0x00000000c6200000| Untracked 
|  99|0x00000000c6300000, 0x00000000c63ffff0, 0x00000000c6400000| 99%| O|  |TAMS 0x00000000c63ffff0, 0x00000000c6300000| Untracked 
| 100|0x00000000c6400000, 0x00000000c6400000, 0x00000000c6500000|  0%| F|  |TAMS 0x00000000c6400000, 0x00000000c6400000| Untracked 
| 101|0x00000000c6500000, 0x00000000c6500000, 0x00000000c6600000|  0%| F|  |TAMS 0x00000000c6500000, 0x00000000c6500000| Untracked 
| 102|0x00000000c6600000, 0x00000000c66fffd0, 0x00000000c6700000| 99%| O|  |TAMS 0x00000000c66fffd0, 0x00000000c6600000| Untracked 
| 103|0x00000000c6700000, 0x00000000c6700000, 0x00000000c6800000|  0%| F|  |TAMS 0x00000000c6700000, 0x00000000c6700000| Untracked 
| 104|0x00000000c6800000, 0x00000000c6800000, 0x00000000c6900000|  0%| F|  |TAMS 0x00000000c6800000, 0x00000000c6800000| Untracked 
| 105|0x00000000c6900000, 0x00000000c6900000, 0x00000000c6a00000|  0%| F|  |TAMS 0x00000000c6900000, 0x00000000c6900000| Untracked 
| 106|0x00000000c6a00000, 0x00000000c6a00000, 0x00000000c6b00000|  0%| F|  |TAMS 0x00000000c6a00000, 0x00000000c6a00000| Untracked 
| 107|0x00000000c6b00000, 0x00000000c6b00000, 0x00000000c6c00000|  0%| F|  |TAMS 0x00000000c6b00000, 0x00000000c6b00000| Untracked 
| 108|0x00000000c6c00000, 0x00000000c6c00000, 0x00000000c6d00000|  0%| F|  |TAMS 0x00000000c6c00000, 0x00000000c6c00000| Untracked 
| 109|0x00000000c6d00000, 0x00000000c6d00000, 0x00000000c6e00000|  0%| F|  |TAMS 0x00000000c6d00000, 0x00000000c6d00000| Untracked 
| 110|0x00000000c6e00000, 0x00000000c6e00000, 0x00000000c6f00000|  0%| F|  |TAMS 0x00000000c6e00000, 0x00000000c6e00000| Untracked 
| 111|0x00000000c6f00000, 0x00000000c6f00000, 0x00000000c7000000|  0%| F|  |TAMS 0x00000000c6f00000, 0x00000000c6f00000| Untracked 
| 112|0x00000000c7000000, 0x00000000c7000000, 0x00000000c7100000|  0%| F|  |TAMS 0x00000000c7000000, 0x00000000c7000000| Untracked 
| 113|0x00000000c7100000, 0x00000000c7100000, 0x00000000c7200000|  0%| F|  |TAMS 0x00000000c7100000, 0x00000000c7100000| Untracked 
| 114|0x00000000c7200000, 0x00000000c7200000, 0x00000000c7300000|  0%| F|  |TAMS 0x00000000c7200000, 0x00000000c7200000| Untracked 
| 115|0x00000000c7300000, 0x00000000c7300000, 0x00000000c7400000|  0%| F|  |TAMS 0x00000000c7300000, 0x00000000c7300000| Untracked 
| 116|0x00000000c7400000, 0x00000000c7400000, 0x00000000c7500000|  0%| F|  |TAMS 0x00000000c7400000, 0x00000000c7400000| Untracked 
| 117|0x00000000c7500000, 0x00000000c7500000, 0x00000000c7600000|  0%| F|  |TAMS 0x00000000c7500000, 0x00000000c7500000| Untracked 
| 118|0x00000000c7600000, 0x00000000c7600000, 0x00000000c7700000|  0%| F|  |TAMS 0x00000000c7600000, 0x00000000c7600000| Untracked 
| 119|0x00000000c7700000, 0x00000000c7700000, 0x00000000c7800000|  0%| F|  |TAMS 0x00000000c7700000, 0x00000000c7700000| Untracked 
| 120|0x00000000c7800000, 0x00000000c7800000, 0x00000000c7900000|  0%| F|  |TAMS 0x00000000c7800000, 0x00000000c7800000| Untracked 
| 121|0x00000000c7900000, 0x00000000c7900000, 0x00000000c7a00000|  0%| F|  |TAMS 0x00000000c7900000, 0x00000000c7900000| Untracked 
| 122|0x00000000c7a00000, 0x00000000c7a00000, 0x00000000c7b00000|  0%| F|  |TAMS 0x00000000c7a00000, 0x00000000c7a00000| Untracked 
| 123|0x00000000c7b00000, 0x00000000c7b00000, 0x00000000c7c00000|  0%| F|  |TAMS 0x00000000c7b00000, 0x00000000c7b00000| Untracked 
| 124|0x00000000c7c00000, 0x00000000c7c00000, 0x00000000c7d00000|  0%| F|  |TAMS 0x00000000c7c00000, 0x00000000c7c00000| Untracked 
| 125|0x00000000c7d00000, 0x00000000c7d00000, 0x00000000c7e00000|  0%| F|  |TAMS 0x00000000c7d00000, 0x00000000c7d00000| Untracked 
| 126|0x00000000c7e00000, 0x00000000c7e00000, 0x00000000c7f00000|  0%| F|  |TAMS 0x00000000c7e00000, 0x00000000c7e00000| Untracked 
| 127|0x00000000c7f00000, 0x00000000c7f00000, 0x00000000c8000000|  0%| F|  |TAMS 0x00000000c7f00000, 0x00000000c7f00000| Untracked 
| 128|0x00000000c8000000, 0x00000000c8000000, 0x00000000c8100000|  0%| F|  |TAMS 0x00000000c8000000, 0x00000000c8000000| Untracked 
| 129|0x00000000c8100000, 0x00000000c8100000, 0x00000000c8200000|  0%| F|  |TAMS 0x00000000c8100000, 0x00000000c8100000| Untracked 
| 130|0x00000000c8200000, 0x00000000c8200000, 0x00000000c8300000|  0%| F|  |TAMS 0x00000000c8200000, 0x00000000c8200000| Untracked 
| 131|0x00000000c8300000, 0x00000000c8300000, 0x00000000c8400000|  0%| F|  |TAMS 0x00000000c8300000, 0x00000000c8300000| Untracked 
| 132|0x00000000c8400000, 0x00000000c8400000, 0x00000000c8500000|  0%| F|  |TAMS 0x00000000c8400000, 0x00000000c8400000| Untracked 
| 133|0x00000000c8500000, 0x00000000c8500000, 0x00000000c8600000|  0%| F|  |TAMS 0x00000000c8500000, 0x00000000c8500000| Untracked 
| 134|0x00000000c8600000, 0x00000000c8600000, 0x00000000c8700000|  0%| F|  |TAMS 0x00000000c8600000, 0x00000000c8600000| Untracked 
| 135|0x00000000c8700000, 0x00000000c8700000, 0x00000000c8800000|  0%| F|  |TAMS 0x00000000c8700000, 0x00000000c8700000| Untracked 
| 136|0x00000000c8800000, 0x00000000c8800000, 0x00000000c8900000|  0%| F|  |TAMS 0x00000000c8800000, 0x00000000c8800000| Untracked 
| 137|0x00000000c8900000, 0x00000000c8900000, 0x00000000c8a00000|  0%| F|  |TAMS 0x00000000c8900000, 0x00000000c8900000| Untracked 
| 138|0x00000000c8a00000, 0x00000000c8a00000, 0x00000000c8b00000|  0%| F|  |TAMS 0x00000000c8a00000, 0x00000000c8a00000| Untracked 
| 139|0x00000000c8b00000, 0x00000000c8b00000, 0x00000000c8c00000|  0%| F|  |TAMS 0x00000000c8b00000, 0x00000000c8b00000| Untracked 
| 140|0x00000000c8c00000, 0x00000000c8c00000, 0x00000000c8d00000|  0%| F|  |TAMS 0x00000000c8c00000, 0x00000000c8c00000| Untracked 
| 141|0x00000000c8d00000, 0x00000000c8d00000, 0x00000000c8e00000|  0%| F|  |TAMS 0x00000000c8d00000, 0x00000000c8d00000| Untracked 
| 142|0x00000000c8e00000, 0x00000000c8e00000, 0x00000000c8f00000|  0%| F|  |TAMS 0x00000000c8e00000, 0x00000000c8e00000| Untracked 
| 143|0x00000000c8f00000, 0x00000000c8f00000, 0x00000000c9000000|  0%| F|  |TAMS 0x00000000c8f00000, 0x00000000c8f00000| Untracked 
| 144|0x00000000c9000000, 0x00000000c9000000, 0x00000000c9100000|  0%| F|  |TAMS 0x00000000c9000000, 0x00000000c9000000| Untracked 
| 145|0x00000000c9100000, 0x00000000c9100000, 0x00000000c9200000|  0%| F|  |TAMS 0x00000000c9100000, 0x00000000c9100000| Untracked 
| 146|0x00000000c9200000, 0x00000000c9200000, 0x00000000c9300000|  0%| F|  |TAMS 0x00000000c9200000, 0x00000000c9200000| Untracked 
| 147|0x00000000c9300000, 0x00000000c9300000, 0x00000000c9400000|  0%| F|  |TAMS 0x00000000c9300000, 0x00000000c9300000| Untracked 
| 148|0x00000000c9400000, 0x00000000c9400000, 0x00000000c9500000|  0%| F|  |TAMS 0x00000000c9400000, 0x00000000c9400000| Untracked 
| 149|0x00000000c9500000, 0x00000000c9500000, 0x00000000c9600000|  0%| F|  |TAMS 0x00000000c9500000, 0x00000000c9500000| Untracked 
| 150|0x00000000c9600000, 0x00000000c9600000, 0x00000000c9700000|  0%| F|  |TAMS 0x00000000c9600000, 0x00000000c9600000| Untracked 
| 151|0x00000000c9700000, 0x00000000c9700000, 0x00000000c9800000|  0%| F|  |TAMS 0x00000000c9700000, 0x00000000c9700000| Untracked 
| 152|0x00000000c9800000, 0x00000000c9800000, 0x00000000c9900000|  0%| F|  |TAMS 0x00000000c9800000, 0x00000000c9800000| Untracked 
| 153|0x00000000c9900000, 0x00000000c9900000, 0x00000000c9a00000|  0%| F|  |TAMS 0x00000000c9900000, 0x00000000c9900000| Untracked 
| 154|0x00000000c9a00000, 0x00000000c9a00000, 0x00000000c9b00000|  0%| F|  |TAMS 0x00000000c9a00000, 0x00000000c9a00000| Untracked 
| 155|0x00000000c9b00000, 0x00000000c9b00000, 0x00000000c9c00000|  0%| F|  |TAMS 0x00000000c9b00000, 0x00000000c9b00000| Untracked 
| 156|0x00000000c9c00000, 0x00000000c9c00000, 0x00000000c9d00000|  0%| F|  |TAMS 0x00000000c9c00000, 0x00000000c9c00000| Untracked 
| 157|0x00000000c9d00000, 0x00000000c9d00000, 0x00000000c9e00000|  0%| F|  |TAMS 0x00000000c9d00000, 0x00000000c9d00000| Untracked 
| 158|0x00000000c9e00000, 0x00000000c9e00000, 0x00000000c9f00000|  0%| F|  |TAMS 0x00000000c9e00000, 0x00000000c9e00000| Untracked 
| 159|0x00000000c9f00000, 0x00000000c9f00000, 0x00000000ca000000|  0%| F|  |TAMS 0x00000000c9f00000, 0x00000000c9f00000| Untracked 
| 160|0x00000000ca000000, 0x00000000ca000000, 0x00000000ca100000|  0%| F|  |TAMS 0x00000000ca000000, 0x00000000ca000000| Untracked 
| 161|0x00000000ca100000, 0x00000000ca100000, 0x00000000ca200000|  0%| F|  |TAMS 0x00000000ca100000, 0x00000000ca100000| Untracked 
| 162|0x00000000ca200000, 0x00000000ca200000, 0x00000000ca300000|  0%| F|  |TAMS 0x00000000ca200000, 0x00000000ca200000| Untracked 
| 163|0x00000000ca300000, 0x00000000ca300000, 0x00000000ca400000|  0%| F|  |TAMS 0x00000000ca300000, 0x00000000ca300000| Untracked 
| 164|0x00000000ca400000, 0x00000000ca400000, 0x00000000ca500000|  0%| F|  |TAMS 0x00000000ca400000, 0x00000000ca400000| Untracked 
| 165|0x00000000ca500000, 0x00000000ca500000, 0x00000000ca600000|  0%| F|  |TAMS 0x00000000ca500000, 0x00000000ca500000| Untracked 
| 166|0x00000000ca600000, 0x00000000ca600000, 0x00000000ca700000|  0%| F|  |TAMS 0x00000000ca600000, 0x00000000ca600000| Untracked 
| 167|0x00000000ca700000, 0x00000000ca700000, 0x00000000ca800000|  0%| F|  |TAMS 0x00000000ca700000, 0x00000000ca700000| Untracked 
| 168|0x00000000ca800000, 0x00000000ca800000, 0x00000000ca900000|  0%| F|  |TAMS 0x00000000ca800000, 0x00000000ca800000| Untracked 
| 169|0x00000000ca900000, 0x00000000caa00000, 0x00000000caa00000|100%|HS|  |TAMS 0x00000000caa00000, 0x00000000ca900000| Untracked 
| 170|0x00000000caa00000, 0x00000000caa00000, 0x00000000cab00000|  0%| F|  |TAMS 0x00000000caa00000, 0x00000000caa00000| Untracked 
| 171|0x00000000cab00000, 0x00000000cab00000, 0x00000000cac00000|  0%| F|  |TAMS 0x00000000cab00000, 0x00000000cab00000| Untracked 
| 172|0x00000000cac00000, 0x00000000cac00000, 0x00000000cad00000|  0%| F|  |TAMS 0x00000000cac00000, 0x00000000cac00000| Untracked 
| 173|0x00000000cad00000, 0x00000000cad00000, 0x00000000cae00000|  0%| F|  |TAMS 0x00000000cad00000, 0x00000000cad00000| Untracked 
| 174|0x00000000cae00000, 0x00000000cae00000, 0x00000000caf00000|  0%| F|  |TAMS 0x00000000cae00000, 0x00000000cae00000| Untracked 
| 175|0x00000000caf00000, 0x00000000caf00000, 0x00000000cb000000|  0%| F|  |TAMS 0x00000000caf00000, 0x00000000caf00000| Untracked 
| 176|0x00000000cb000000, 0x00000000cb000000, 0x00000000cb100000|  0%| F|  |TAMS 0x00000000cb000000, 0x00000000cb000000| Untracked 
| 177|0x00000000cb100000, 0x00000000cb100000, 0x00000000cb200000|  0%| F|  |TAMS 0x00000000cb100000, 0x00000000cb100000| Untracked 
| 178|0x00000000cb200000, 0x00000000cb200000, 0x00000000cb300000|  0%| F|  |TAMS 0x00000000cb200000, 0x00000000cb200000| Untracked 
| 179|0x00000000cb300000, 0x00000000cb300000, 0x00000000cb400000|  0%| F|  |TAMS 0x00000000cb300000, 0x00000000cb300000| Untracked 
| 180|0x00000000cb400000, 0x00000000cb400000, 0x00000000cb500000|  0%| F|  |TAMS 0x00000000cb400000, 0x00000000cb400000| Untracked 
| 181|0x00000000cb500000, 0x00000000cb500000, 0x00000000cb600000|  0%| F|  |TAMS 0x00000000cb500000, 0x00000000cb500000| Untracked 
| 182|0x00000000cb600000, 0x00000000cb600000, 0x00000000cb700000|  0%| F|  |TAMS 0x00000000cb600000, 0x00000000cb600000| Untracked 
| 183|0x00000000cb700000, 0x00000000cb700000, 0x00000000cb800000|  0%| F|  |TAMS 0x00000000cb700000, 0x00000000cb700000| Untracked 
| 184|0x00000000cb800000, 0x00000000cb800000, 0x00000000cb900000|  0%| F|  |TAMS 0x00000000cb800000, 0x00000000cb800000| Untracked 
| 185|0x00000000cb900000, 0x00000000cb900000, 0x00000000cba00000|  0%| F|  |TAMS 0x00000000cb900000, 0x00000000cb900000| Untracked 
| 186|0x00000000cba00000, 0x00000000cba00000, 0x00000000cbb00000|  0%| F|  |TAMS 0x00000000cba00000, 0x00000000cba00000| Untracked 
| 187|0x00000000cbb00000, 0x00000000cbb00000, 0x00000000cbc00000|  0%| F|  |TAMS 0x00000000cbb00000, 0x00000000cbb00000| Untracked 
| 188|0x00000000cbc00000, 0x00000000cbc00000, 0x00000000cbd00000|  0%| F|  |TAMS 0x00000000cbc00000, 0x00000000cbc00000| Untracked 
| 189|0x00000000cbd00000, 0x00000000cbd00000, 0x00000000cbe00000|  0%| F|  |TAMS 0x00000000cbd00000, 0x00000000cbd00000| Untracked 
| 190|0x00000000cbe00000, 0x00000000cbe00000, 0x00000000cbf00000|  0%| F|  |TAMS 0x00000000cbe00000, 0x00000000cbe00000| Untracked 
| 191|0x00000000cbf00000, 0x00000000cbf00000, 0x00000000cc000000|  0%| F|  |TAMS 0x00000000cbf00000, 0x00000000cbf00000| Untracked 
| 192|0x00000000cc000000, 0x00000000cc000000, 0x00000000cc100000|  0%| F|  |TAMS 0x00000000cc000000, 0x00000000cc000000| Untracked 
| 193|0x00000000cc100000, 0x00000000cc100000, 0x00000000cc200000|  0%| F|  |TAMS 0x00000000cc100000, 0x00000000cc100000| Untracked 
| 194|0x00000000cc200000, 0x00000000cc200000, 0x00000000cc300000|  0%| F|  |TAMS 0x00000000cc200000, 0x00000000cc200000| Untracked 
| 195|0x00000000cc300000, 0x00000000cc300000, 0x00000000cc400000|  0%| F|  |TAMS 0x00000000cc300000, 0x00000000cc300000| Untracked 
| 196|0x00000000cc400000, 0x00000000cc400000, 0x00000000cc500000|  0%| F|  |TAMS 0x00000000cc400000, 0x00000000cc400000| Untracked 
| 197|0x00000000cc500000, 0x00000000cc500000, 0x00000000cc600000|  0%| F|  |TAMS 0x00000000cc500000, 0x00000000cc500000| Untracked 
| 198|0x00000000cc600000, 0x00000000cc600000, 0x00000000cc700000|  0%| F|  |TAMS 0x00000000cc600000, 0x00000000cc600000| Untracked 
| 199|0x00000000cc700000, 0x00000000cc700000, 0x00000000cc800000|  0%| F|  |TAMS 0x00000000cc700000, 0x00000000cc700000| Untracked 
| 200|0x00000000cc800000, 0x00000000cc800000, 0x00000000cc900000|  0%| F|  |TAMS 0x00000000cc800000, 0x00000000cc800000| Untracked 
| 201|0x00000000cc900000, 0x00000000cc900000, 0x00000000cca00000|  0%| F|  |TAMS 0x00000000cc900000, 0x00000000cc900000| Untracked 
| 202|0x00000000cca00000, 0x00000000cca00000, 0x00000000ccb00000|  0%| F|  |TAMS 0x00000000cca00000, 0x00000000cca00000| Untracked 
| 203|0x00000000ccb00000, 0x00000000ccb00000, 0x00000000ccc00000|  0%| F|  |TAMS 0x00000000ccb00000, 0x00000000ccb00000| Untracked 
| 204|0x00000000ccc00000, 0x00000000ccc00000, 0x00000000ccd00000|  0%| F|  |TAMS 0x00000000ccc00000, 0x00000000ccc00000| Untracked 
| 205|0x00000000ccd00000, 0x00000000ccd00000, 0x00000000cce00000|  0%| F|  |TAMS 0x00000000ccd00000, 0x00000000ccd00000| Untracked 
| 206|0x00000000cce00000, 0x00000000cce00000, 0x00000000ccf00000|  0%| F|  |TAMS 0x00000000cce00000, 0x00000000cce00000| Untracked 
| 207|0x00000000ccf00000, 0x00000000ccf00000, 0x00000000cd000000|  0%| F|  |TAMS 0x00000000ccf00000, 0x00000000ccf00000| Untracked 
| 208|0x00000000cd000000, 0x00000000cd000000, 0x00000000cd100000|  0%| F|  |TAMS 0x00000000cd000000, 0x00000000cd000000| Untracked 
| 209|0x00000000cd100000, 0x00000000cd100000, 0x00000000cd200000|  0%| F|  |TAMS 0x00000000cd100000, 0x00000000cd100000| Untracked 
| 210|0x00000000cd200000, 0x00000000cd200000, 0x00000000cd300000|  0%| F|  |TAMS 0x00000000cd200000, 0x00000000cd200000| Untracked 
| 211|0x00000000cd300000, 0x00000000cd300000, 0x00000000cd400000|  0%| F|  |TAMS 0x00000000cd300000, 0x00000000cd300000| Untracked 
| 212|0x00000000cd400000, 0x00000000cd400000, 0x00000000cd500000|  0%| F|  |TAMS 0x00000000cd400000, 0x00000000cd400000| Untracked 
| 213|0x00000000cd500000, 0x00000000cd500000, 0x00000000cd600000|  0%| F|  |TAMS 0x00000000cd500000, 0x00000000cd500000| Untracked 
| 214|0x00000000cd600000, 0x00000000cd600000, 0x00000000cd700000|  0%| F|  |TAMS 0x00000000cd600000, 0x00000000cd600000| Untracked 
| 215|0x00000000cd700000, 0x00000000cd700000, 0x00000000cd800000|  0%| F|  |TAMS 0x00000000cd700000, 0x00000000cd700000| Untracked 
| 216|0x00000000cd800000, 0x00000000cd800000, 0x00000000cd900000|  0%| F|  |TAMS 0x00000000cd800000, 0x00000000cd800000| Untracked 
| 217|0x00000000cd900000, 0x00000000cd900000, 0x00000000cda00000|  0%| F|  |TAMS 0x00000000cd900000, 0x00000000cd900000| Untracked 
| 218|0x00000000cda00000, 0x00000000cda00000, 0x00000000cdb00000|  0%| F|  |TAMS 0x00000000cda00000, 0x00000000cda00000| Untracked 
| 219|0x00000000cdb00000, 0x00000000cdb00000, 0x00000000cdc00000|  0%| F|  |TAMS 0x00000000cdb00000, 0x00000000cdb00000| Untracked 
| 220|0x00000000cdc00000, 0x00000000cdc00000, 0x00000000cdd00000|  0%| F|  |TAMS 0x00000000cdc00000, 0x00000000cdc00000| Untracked 
| 221|0x00000000cdd00000, 0x00000000cdd00000, 0x00000000cde00000|  0%| F|  |TAMS 0x00000000cdd00000, 0x00000000cdd00000| Untracked 
| 222|0x00000000cde00000, 0x00000000cde00000, 0x00000000cdf00000|  0%| F|  |TAMS 0x00000000cde00000, 0x00000000cde00000| Untracked 
| 223|0x00000000cdf00000, 0x00000000cdf00000, 0x00000000ce000000|  0%| F|  |TAMS 0x00000000cdf00000, 0x00000000cdf00000| Untracked 
| 224|0x00000000ce000000, 0x00000000ce000000, 0x00000000ce100000|  0%| F|  |TAMS 0x00000000ce000000, 0x00000000ce000000| Untracked 
| 225|0x00000000ce100000, 0x00000000ce100000, 0x00000000ce200000|  0%| F|  |TAMS 0x00000000ce100000, 0x00000000ce100000| Untracked 
| 226|0x00000000ce200000, 0x00000000ce200000, 0x00000000ce300000|  0%| F|  |TAMS 0x00000000ce200000, 0x00000000ce200000| Untracked 
| 227|0x00000000ce300000, 0x00000000ce300000, 0x00000000ce400000|  0%| F|  |TAMS 0x00000000ce300000, 0x00000000ce300000| Untracked 
| 228|0x00000000ce400000, 0x00000000ce400000, 0x00000000ce500000|  0%| F|  |TAMS 0x00000000ce400000, 0x00000000ce400000| Untracked 
| 229|0x00000000ce500000, 0x00000000ce500000, 0x00000000ce600000|  0%| F|  |TAMS 0x00000000ce500000, 0x00000000ce500000| Untracked 
| 230|0x00000000ce600000, 0x00000000ce600000, 0x00000000ce700000|  0%| F|  |TAMS 0x00000000ce600000, 0x00000000ce600000| Untracked 
| 231|0x00000000ce700000, 0x00000000ce700000, 0x00000000ce800000|  0%| F|  |TAMS 0x00000000ce700000, 0x00000000ce700000| Untracked 
| 232|0x00000000ce800000, 0x00000000ce800000, 0x00000000ce900000|  0%| F|  |TAMS 0x00000000ce800000, 0x00000000ce800000| Untracked 
| 233|0x00000000ce900000, 0x00000000ce900000, 0x00000000cea00000|  0%| F|  |TAMS 0x00000000ce900000, 0x00000000ce900000| Untracked 
| 234|0x00000000cea00000, 0x00000000cea00000, 0x00000000ceb00000|  0%| F|  |TAMS 0x00000000cea00000, 0x00000000cea00000| Untracked 
| 235|0x00000000ceb00000, 0x00000000ceb00000, 0x00000000cec00000|  0%| F|  |TAMS 0x00000000ceb00000, 0x00000000ceb00000| Untracked 
| 236|0x00000000cec00000, 0x00000000cec00000, 0x00000000ced00000|  0%| F|  |TAMS 0x00000000cec00000, 0x00000000cec00000| Untracked 
| 237|0x00000000ced00000, 0x00000000ced00000, 0x00000000cee00000|  0%| F|  |TAMS 0x00000000ced00000, 0x00000000ced00000| Untracked 
| 238|0x00000000cee00000, 0x00000000cee00000, 0x00000000cef00000|  0%| F|  |TAMS 0x00000000cee00000, 0x00000000cee00000| Untracked 
| 239|0x00000000cef00000, 0x00000000cef00000, 0x00000000cf000000|  0%| F|  |TAMS 0x00000000cef00000, 0x00000000cef00000| Untracked 
| 240|0x00000000cf000000, 0x00000000cf000000, 0x00000000cf100000|  0%| F|  |TAMS 0x00000000cf000000, 0x00000000cf000000| Untracked 
| 241|0x00000000cf100000, 0x00000000cf100000, 0x00000000cf200000|  0%| F|  |TAMS 0x00000000cf100000, 0x00000000cf100000| Untracked 
| 242|0x00000000cf200000, 0x00000000cf200000, 0x00000000cf300000|  0%| F|  |TAMS 0x00000000cf200000, 0x00000000cf200000| Untracked 
| 243|0x00000000cf300000, 0x00000000cf300000, 0x00000000cf400000|  0%| F|  |TAMS 0x00000000cf300000, 0x00000000cf300000| Untracked 
| 244|0x00000000cf400000, 0x00000000cf400000, 0x00000000cf500000|  0%| F|  |TAMS 0x00000000cf400000, 0x00000000cf400000| Untracked 
| 245|0x00000000cf500000, 0x00000000cf500000, 0x00000000cf600000|  0%| F|  |TAMS 0x00000000cf500000, 0x00000000cf500000| Untracked 
| 246|0x00000000cf600000, 0x00000000cf600000, 0x00000000cf700000|  0%| F|  |TAMS 0x00000000cf600000, 0x00000000cf600000| Untracked 
| 247|0x00000000cf700000, 0x00000000cf700000, 0x00000000cf800000|  0%| F|  |TAMS 0x00000000cf700000, 0x00000000cf700000| Untracked 
| 248|0x00000000cf800000, 0x00000000cf800000, 0x00000000cf900000|  0%| F|  |TAMS 0x00000000cf800000, 0x00000000cf800000| Untracked 
| 249|0x00000000cf900000, 0x00000000cf900000, 0x00000000cfa00000|  0%| F|  |TAMS 0x00000000cf900000, 0x00000000cf900000| Untracked 
| 250|0x00000000cfa00000, 0x00000000cfa00000, 0x00000000cfb00000|  0%| F|  |TAMS 0x00000000cfa00000, 0x00000000cfa00000| Untracked 
| 251|0x00000000cfb00000, 0x00000000cfb00000, 0x00000000cfc00000|  0%| F|  |TAMS 0x00000000cfb00000, 0x00000000cfb00000| Untracked 
| 252|0x00000000cfc00000, 0x00000000cfc00000, 0x00000000cfd00000|  0%| F|  |TAMS 0x00000000cfc00000, 0x00000000cfc00000| Untracked 
| 253|0x00000000cfd00000, 0x00000000cfd00000, 0x00000000cfe00000|  0%| F|  |TAMS 0x00000000cfd00000, 0x00000000cfd00000| Untracked 
| 254|0x00000000cfe00000, 0x00000000cfe00000, 0x00000000cff00000|  0%| F|  |TAMS 0x00000000cfe00000, 0x00000000cfe00000| Untracked 
| 255|0x00000000cff00000, 0x00000000cff00000, 0x00000000d0000000|  0%| F|  |TAMS 0x00000000cff00000, 0x00000000cff00000| Untracked 
| 256|0x00000000d0000000, 0x00000000d0000000, 0x00000000d0100000|  0%| F|  |TAMS 0x00000000d0000000, 0x00000000d0000000| Untracked 
| 257|0x00000000d0100000, 0x00000000d0100000, 0x00000000d0200000|  0%| F|  |TAMS 0x00000000d0100000, 0x00000000d0100000| Untracked 
| 258|0x00000000d0200000, 0x00000000d0200000, 0x00000000d0300000|  0%| F|  |TAMS 0x00000000d0200000, 0x00000000d0200000| Untracked 
| 259|0x00000000d0300000, 0x00000000d0300000, 0x00000000d0400000|  0%| F|  |TAMS 0x00000000d0300000, 0x00000000d0300000| Untracked 
| 260|0x00000000d0400000, 0x00000000d0400000, 0x00000000d0500000|  0%| F|  |TAMS 0x00000000d0400000, 0x00000000d0400000| Untracked 
| 261|0x00000000d0500000, 0x00000000d0500000, 0x00000000d0600000|  0%| F|  |TAMS 0x00000000d0500000, 0x00000000d0500000| Untracked 
| 262|0x00000000d0600000, 0x00000000d0600000, 0x00000000d0700000|  0%| F|  |TAMS 0x00000000d0600000, 0x00000000d0600000| Untracked 
| 263|0x00000000d0700000, 0x00000000d0700000, 0x00000000d0800000|  0%| F|  |TAMS 0x00000000d0700000, 0x00000000d0700000| Untracked 
| 264|0x00000000d0800000, 0x00000000d0800000, 0x00000000d0900000|  0%| F|  |TAMS 0x00000000d0800000, 0x00000000d0800000| Untracked 
| 265|0x00000000d0900000, 0x00000000d0900000, 0x00000000d0a00000|  0%| F|  |TAMS 0x00000000d0900000, 0x00000000d0900000| Untracked 
| 266|0x00000000d0a00000, 0x00000000d0a00000, 0x00000000d0b00000|  0%| F|  |TAMS 0x00000000d0a00000, 0x00000000d0a00000| Untracked 
| 267|0x00000000d0b00000, 0x00000000d0b00000, 0x00000000d0c00000|  0%| F|  |TAMS 0x00000000d0b00000, 0x00000000d0b00000| Untracked 
| 268|0x00000000d0c00000, 0x00000000d0c00000, 0x00000000d0d00000|  0%| F|  |TAMS 0x00000000d0c00000, 0x00000000d0c00000| Untracked 
| 269|0x00000000d0d00000, 0x00000000d0d00000, 0x00000000d0e00000|  0%| F|  |TAMS 0x00000000d0d00000, 0x00000000d0d00000| Untracked 
| 270|0x00000000d0e00000, 0x00000000d0e00000, 0x00000000d0f00000|  0%| F|  |TAMS 0x00000000d0e00000, 0x00000000d0e00000| Untracked 
| 271|0x00000000d0f00000, 0x00000000d0f00000, 0x00000000d1000000|  0%| F|  |TAMS 0x00000000d0f00000, 0x00000000d0f00000| Untracked 
| 272|0x00000000d1000000, 0x00000000d1000000, 0x00000000d1100000|  0%| F|  |TAMS 0x00000000d1000000, 0x00000000d1000000| Untracked 
| 273|0x00000000d1100000, 0x00000000d1100000, 0x00000000d1200000|  0%| F|  |TAMS 0x00000000d1100000, 0x00000000d1100000| Untracked 
| 274|0x00000000d1200000, 0x00000000d1200000, 0x00000000d1300000|  0%| F|  |TAMS 0x00000000d1200000, 0x00000000d1200000| Untracked 
| 275|0x00000000d1300000, 0x00000000d1300000, 0x00000000d1400000|  0%| F|  |TAMS 0x00000000d1300000, 0x00000000d1300000| Untracked 
| 276|0x00000000d1400000, 0x00000000d1400000, 0x00000000d1500000|  0%| F|  |TAMS 0x00000000d1400000, 0x00000000d1400000| Untracked 
| 277|0x00000000d1500000, 0x00000000d1500000, 0x00000000d1600000|  0%| F|  |TAMS 0x00000000d1500000, 0x00000000d1500000| Untracked 
| 278|0x00000000d1600000, 0x00000000d1600000, 0x00000000d1700000|  0%| F|  |TAMS 0x00000000d1600000, 0x00000000d1600000| Untracked 
| 279|0x00000000d1700000, 0x00000000d1700000, 0x00000000d1800000|  0%| F|  |TAMS 0x00000000d1700000, 0x00000000d1700000| Untracked 
| 280|0x00000000d1800000, 0x00000000d1800000, 0x00000000d1900000|  0%| F|  |TAMS 0x00000000d1800000, 0x00000000d1800000| Untracked 
| 281|0x00000000d1900000, 0x00000000d1900000, 0x00000000d1a00000|  0%| F|  |TAMS 0x00000000d1900000, 0x00000000d1900000| Untracked 
| 282|0x00000000d1a00000, 0x00000000d1a00000, 0x00000000d1b00000|  0%| F|  |TAMS 0x00000000d1a00000, 0x00000000d1a00000| Untracked 
| 286|0x00000000d1e00000, 0x00000000d1f00000, 0x00000000d1f00000|100%| O|  |TAMS 0x00000000d1f00000, 0x00000000d1e00000| Untracked 
| 398|0x00000000d8e00000, 0x00000000d8f00000, 0x00000000d8f00000|100%| O|  |TAMS 0x00000000d8f00000, 0x00000000d8e00000| Untracked 
| 399|0x00000000d8f00000, 0x00000000d9000000, 0x00000000d9000000|100%| O|  |TAMS 0x00000000d9000000, 0x00000000d8f00000| Untracked 
| 402|0x00000000d9200000, 0x00000000d9300000, 0x00000000d9300000|100%| O|  |TAMS 0x00000000d9300000, 0x00000000d9200000| Untracked 
| 403|0x00000000d9300000, 0x00000000d9400000, 0x00000000d9400000|100%| O|  |TAMS 0x00000000d9400000, 0x00000000d9300000| Untracked 
| 405|0x00000000d9500000, 0x00000000d9600000, 0x00000000d9600000|100%| O|  |TAMS 0x00000000d9600000, 0x00000000d9500000| Untracked 
| 424|0x00000000da800000, 0x00000000da900000, 0x00000000da900000|100%| O|  |TAMS 0x00000000da900000, 0x00000000da800000| Untracked 
| 432|0x00000000db000000, 0x00000000db100000, 0x00000000db100000|100%| O|  |TAMS 0x00000000db100000, 0x00000000db000000| Untracked 
| 433|0x00000000db100000, 0x00000000db1060d0, 0x00000000db200000|  2%| E|  |TAMS 0x00000000db100000, 0x00000000db100000| Complete 
| 434|0x00000000db200000, 0x00000000db300000, 0x00000000db300000|100%| O|  |TAMS 0x00000000db300000, 0x00000000db200000| Untracked 
| 435|0x00000000db300000, 0x00000000db400000, 0x00000000db400000|100%| O|  |TAMS 0x00000000db400000, 0x00000000db300000| Untracked 
| 436|0x00000000db400000, 0x00000000db500000, 0x00000000db500000|100%| O|  |TAMS 0x00000000db500000, 0x00000000db400000| Untracked 
| 437|0x00000000db500000, 0x00000000db600000, 0x00000000db600000|100%| O|  |TAMS 0x00000000db600000, 0x00000000db500000| Untracked 
| 440|0x00000000db800000, 0x00000000db900000, 0x00000000db900000|100%| O|  |TAMS 0x00000000db900000, 0x00000000db800000| Untracked 

Card table byte_map: [0x00000147ff230000,0x00000147ff430000] _byte_map_base: 0x00000147fec30000

Marking Bits (Prev, Next): (CMBitMap*) 0x00000147f70f23a0, (CMBitMap*) 0x00000147f70f2360
 Prev Bits: [0x0000014781000000, 0x0000014782000000)
 Next Bits: [0x0000014780000000, 0x0000014781000000)

Polling page: 0x00000147f7180000

Metaspace:

Usage:
  Non-class:     61.14 MB used.
      Class:      9.73 MB used.
       Both:     70.87 MB used.

Virtual space:
  Non-class space:       64.00 MB reserved,      61.44 MB ( 96%) committed,  1 nodes.
      Class space:        1.00 GB reserved,      10.00 MB ( <1%) committed,  1 nodes.
             Both:        1.06 GB reserved,      71.44 MB (  7%) committed. 

Chunk freelists:
   Non-Class:  2.20 MB
       Class:  6.04 MB
        Both:  8.24 MB

MaxMetaspaceSize: unlimited
CompressedClassSpaceSize: 1.00 GB
Initial GC threshold: 21.00 MB
Current GC threshold: 119.06 MB
CDS: off
MetaspaceReclaimPolicy: balanced
 - commit_granule_bytes: 65536.
 - commit_granule_words: 8192.
 - virtual_space_node_default_size: 8388608.
 - enlarge_chunks_in_place: 1.
 - new_chunks_are_fully_committed: 0.
 - uncommit_free_chunks: 1.
 - use_allocation_guard: 0.
 - handle_deallocations: 1.


Internal statistics:

num_allocs_failed_limit: 6.
num_arena_births: 850.
num_arena_deaths: 302.
num_vsnodes_births: 2.
num_vsnodes_deaths: 0.
num_space_committed: 1143.
num_space_uncommitted: 0.
num_chunks_returned_to_freelist: 387.
num_chunks_taken_from_freelist: 3405.
num_chunk_merges: 120.
num_chunk_splits: 2250.
num_chunks_enlarged: 1659.
num_inconsistent_stats: 0.

CodeCache: size=49152Kb used=30016Kb max_used=31294Kb free=19135Kb
 bounds [0x00000147fb530000, 0x00000147fd3c0000, 0x00000147fe530000]
 total_blobs=16365 nmethods=15673 adapters=618
 compilation: enabled
              stopped_count=0, restarted_count=0
 full_count=0

Compilation events (20 events):
Event: 19928.615 Thread 0x000001478446f1e0 15965       1       com.sun.tools.javac.comp.Resolve$AmbiguityError::flatten (26 bytes)
Event: 19928.615 Thread 0x000001478446f1e0 nmethod 15965 0x00000147fd1adc90 code [0x00000147fd1ade40, 0x00000147fd1ae0c8]
Event: 19928.615 Thread 0x000001478446f1e0 15966       1       com.sun.tools.javac.comp.Resolve$2::argumentsAcceptable (1 bytes)
Event: 19928.615 Thread 0x000001478446f1e0 nmethod 15966 0x00000147fd1ad990 code [0x00000147fd1adb20, 0x00000147fd1adbd8]
Event: 19928.615 Thread 0x000001478446f1e0 15967       1       com.sun.tools.javac.util.Warner::hasLint (22 bytes)
Event: 19928.615 Thread 0x000001478446f1e0 nmethod 15967 0x00000147fd1ad590 code [0x00000147fd1ad740, 0x00000147fd1ad898]
Event: 19928.615 Thread 0x000001478446f1e0 15968       1       org.openrewrite.java.tree.J$MemberReference$Padding::access$15600 (5 bytes)
Event: 19928.615 Thread 0x000001478446f1e0 nmethod 15968 0x00000147fd1ad290 code [0x00000147fd1ad420, 0x00000147fd1ad4d8]
Event: 19928.649 Thread 0x000001478446f1e0 15969       1       org.eclipse.jdt.internal.compiler.lookup.ReferenceBinding::canBeSeenBy (217 bytes)
Event: 19928.650 Thread 0x000001478446f1e0 nmethod 15969 0x00000147fd1ac410 code [0x00000147fd1ac6c0, 0x00000147fd1ace38]
Event: 19929.352 Thread 0x000001478446f1e0 15970       1       com.sun.tools.javac.comp.Resolve$ResolveError::<init> (20 bytes)
Event: 19929.353 Thread 0x000001478446f1e0 nmethod 15970 0x00000147fd1ac010 code [0x00000147fd1ac1c0, 0x00000147fd1ac388]
Event: 19929.353 Thread 0x000001478446f1e0 15972       1       com.sun.tools.javac.comp.Resolve::mostSpecific (558 bytes)
Event: 19929.354 Thread 0x000001478446f1e0 nmethod 15972 0x00000147fd1a9f10 code [0x00000147fd1aa2e0, 0x00000147fd1ab598]
Event: 19929.354 Thread 0x000001478446f1e0 15973       1       com.sun.tools.javac.code.Types::cvarUpperBound (37 bytes)
Event: 19929.354 Thread 0x000001478446f1e0 nmethod 15973 0x00000147fd1a9a10 code [0x00000147fd1a9be0, 0x00000147fd1a9de8]
Event: 19929.354 Thread 0x000001478446f1e0 15971       1       com.sun.tools.javac.comp.Resolve$2::mostSpecificCheck (2 bytes)
Event: 19929.354 Thread 0x000001478446f1e0 nmethod 15971 0x00000147fd1a9710 code [0x00000147fd1a98a0, 0x00000147fd1a9978]
Event: 19929.384 Thread 0x000001478446f1e0 15974       1       org.eclipse.jdt.internal.compiler.lookup.Scope::mostSpecificMethodBinding (1901 bytes)
Event: 19929.390 Thread 0x000001478446f1e0 nmethod 15974 0x00000147fd1a2d10 code [0x00000147fd1a33e0, 0x00000147fd1a6a98]

GC Heap History (20 events):
Event: 20165.371 GC heap before
{Heap before GC invocations=1339 (full 1137):
 garbage-first heap   total 304128K, used 113494K [0x00000000c0000000, 0x0000000100000000)
  region size 1024K, 1 young (1024K), 0 survivors (0K)
 Metaspace       used 72574K, committed 73152K, reserved 1114112K
  class space    used 9966K, committed 10240K, reserved 1048576K
}
Event: 20165.436 GC heap after
{Heap after GC invocations=1340 (full 1138):
 garbage-first heap   total 304128K, used 113494K [0x00000000c0000000, 0x0000000100000000)
  region size 1024K, 0 young (0K), 0 survivors (0K)
 Metaspace       used 72574K, committed 73152K, reserved 1114112K
  class space    used 9966K, committed 10240K, reserved 1048576K
}
Event: 20175.623 GC heap before
{Heap before GC invocations=1340 (full 1138):
 garbage-first heap   total 304128K, used 113494K [0x00000000c0000000, 0x0000000100000000)
  region size 1024K, 1 young (1024K), 0 survivors (0K)
 Metaspace       used 72574K, committed 73152K, reserved 1114112K
  class space    used 9966K, committed 10240K, reserved 1048576K
}
Event: 20175.697 GC heap after
{Heap after GC invocations=1341 (full 1139):
 garbage-first heap   total 304128K, used 113494K [0x00000000c0000000, 0x0000000100000000)
  region size 1024K, 0 young (0K), 0 survivors (0K)
 Metaspace       used 72574K, committed 73152K, reserved 1114112K
  class space    used 9966K, committed 10240K, reserved 1048576K
}
Event: 20185.844 GC heap before
{Heap before GC invocations=1341 (full 1139):
 garbage-first heap   total 304128K, used 113494K [0x00000000c0000000, 0x0000000100000000)
  region size 1024K, 1 young (1024K), 0 survivors (0K)
 Metaspace       used 72574K, committed 73152K, reserved 1114112K
  class space    used 9966K, committed 10240K, reserved 1048576K
}
Event: 20185.901 GC heap after
{Heap after GC invocations=1342 (full 1140):
 garbage-first heap   total 304128K, used 113494K [0x00000000c0000000, 0x0000000100000000)
  region size 1024K, 0 young (0K), 0 survivors (0K)
 Metaspace       used 72574K, committed 73152K, reserved 1114112K
  class space    used 9966K, committed 10240K, reserved 1048576K
}
Event: 20196.054 GC heap before
{Heap before GC invocations=1342 (full 1140):
 garbage-first heap   total 304128K, used 113494K [0x00000000c0000000, 0x0000000100000000)
  region size 1024K, 1 young (1024K), 0 survivors (0K)
 Metaspace       used 72574K, committed 73152K, reserved 1114112K
  class space    used 9966K, committed 10240K, reserved 1048576K
}
Event: 20196.109 GC heap after
{Heap after GC invocations=1343 (full 1141):
 garbage-first heap   total 304128K, used 113494K [0x00000000c0000000, 0x0000000100000000)
  region size 1024K, 0 young (0K), 0 survivors (0K)
 Metaspace       used 72574K, committed 73152K, reserved 1114112K
  class space    used 9966K, committed 10240K, reserved 1048576K
}
Event: 20206.254 GC heap before
{Heap before GC invocations=1343 (full 1141):
 garbage-first heap   total 304128K, used 113494K [0x00000000c0000000, 0x0000000100000000)
  region size 1024K, 1 young (1024K), 0 survivors (0K)
 Metaspace       used 72574K, committed 73152K, reserved 1114112K
  class space    used 9966K, committed 10240K, reserved 1048576K
}
Event: 20206.312 GC heap after
{Heap after GC invocations=1344 (full 1142):
 garbage-first heap   total 304128K, used 113494K [0x00000000c0000000, 0x0000000100000000)
  region size 1024K, 0 young (0K), 0 survivors (0K)
 Metaspace       used 72574K, committed 73152K, reserved 1114112K
  class space    used 9966K, committed 10240K, reserved 1048576K
}
Event: 20216.459 GC heap before
{Heap before GC invocations=1344 (full 1142):
 garbage-first heap   total 304128K, used 113494K [0x00000000c0000000, 0x0000000100000000)
  region size 1024K, 1 young (1024K), 0 survivors (0K)
 Metaspace       used 72574K, committed 73152K, reserved 1114112K
  class space    used 9966K, committed 10240K, reserved 1048576K
}
Event: 20216.517 GC heap after
{Heap after GC invocations=1345 (full 1143):
 garbage-first heap   total 304128K, used 113494K [0x00000000c0000000, 0x0000000100000000)
  region size 1024K, 0 young (0K), 0 survivors (0K)
 Metaspace       used 72574K, committed 73152K, reserved 1114112K
  class space    used 9966K, committed 10240K, reserved 1048576K
}
Event: 20226.673 GC heap before
{Heap before GC invocations=1345 (full 1143):
 garbage-first heap   total 304128K, used 113494K [0x00000000c0000000, 0x0000000100000000)
  region size 1024K, 1 young (1024K), 0 survivors (0K)
 Metaspace       used 72574K, committed 73152K, reserved 1114112K
  class space    used 9966K, committed 10240K, reserved 1048576K
}
Event: 20226.732 GC heap after
{Heap after GC invocations=1346 (full 1144):
 garbage-first heap   total 304128K, used 113494K [0x00000000c0000000, 0x0000000100000000)
  region size 1024K, 0 young (0K), 0 survivors (0K)
 Metaspace       used 72574K, committed 73152K, reserved 1114112K
  class space    used 9966K, committed 10240K, reserved 1048576K
}
Event: 20236.892 GC heap before
{Heap before GC invocations=1346 (full 1144):
 garbage-first heap   total 304128K, used 113494K [0x00000000c0000000, 0x0000000100000000)
  region size 1024K, 1 young (1024K), 0 survivors (0K)
 Metaspace       used 72574K, committed 73152K, reserved 1114112K
  class space    used 9966K, committed 10240K, reserved 1048576K
}
Event: 20236.947 GC heap after
{Heap after GC invocations=1347 (full 1145):
 garbage-first heap   total 304128K, used 113494K [0x00000000c0000000, 0x0000000100000000)
  region size 1024K, 0 young (0K), 0 survivors (0K)
 Metaspace       used 72574K, committed 73152K, reserved 1114112K
  class space    used 9966K, committed 10240K, reserved 1048576K
}
Event: 20247.098 GC heap before
{Heap before GC invocations=1347 (full 1145):
 garbage-first heap   total 304128K, used 113494K [0x00000000c0000000, 0x0000000100000000)
  region size 1024K, 1 young (1024K), 0 survivors (0K)
 Metaspace       used 72574K, committed 73152K, reserved 1114112K
  class space    used 9966K, committed 10240K, reserved 1048576K
}
Event: 20247.161 GC heap after
{Heap after GC invocations=1348 (full 1146):
 garbage-first heap   total 304128K, used 113494K [0x00000000c0000000, 0x0000000100000000)
  region size 1024K, 0 young (0K), 0 survivors (0K)
 Metaspace       used 72574K, committed 73152K, reserved 1114112K
  class space    used 9966K, committed 10240K, reserved 1048576K
}
Event: 20257.327 GC heap before
{Heap before GC invocations=1348 (full 1146):
 garbage-first heap   total 304128K, used 113494K [0x00000000c0000000, 0x0000000100000000)
  region size 1024K, 1 young (1024K), 0 survivors (0K)
 Metaspace       used 72574K, committed 73152K, reserved 1114112K
  class space    used 9966K, committed 10240K, reserved 1048576K
}
Event: 20257.389 GC heap after
{Heap after GC invocations=1349 (full 1147):
 garbage-first heap   total 304128K, used 113494K [0x00000000c0000000, 0x0000000100000000)
  region size 1024K, 0 young (0K), 0 survivors (0K)
 Metaspace       used 72574K, committed 73152K, reserved 1114112K
  class space    used 9966K, committed 10240K, reserved 1048576K
}

Dll operation events (10 events):
Event: 0.009 Loaded shared library c:\Users\Admin\.vscode\extensions\redhat.java-1.18.0-win32-x64\jre\17.0.7-win32-x86_64\bin\java.dll
Event: 0.281 Loaded shared library C:\Users\Admin\.vscode\extensions\redhat.java-1.18.0-win32-x64\jre\17.0.7-win32-x86_64\bin\net.dll
Event: 0.288 Loaded shared library C:\Users\Admin\.vscode\extensions\redhat.java-1.18.0-win32-x64\jre\17.0.7-win32-x86_64\bin\nio.dll
Event: 0.299 Loaded shared library C:\Users\Admin\.vscode\extensions\redhat.java-1.18.0-win32-x64\jre\17.0.7-win32-x86_64\bin\zip.dll
Event: 0.498 Loaded shared library C:\Users\Admin\.vscode\extensions\redhat.java-1.18.0-win32-x64\jre\17.0.7-win32-x86_64\bin\jimage.dll
Event: 3.216 Loaded shared library C:\Users\Admin\.vscode\extensions\redhat.java-1.18.0-win32-x64\jre\17.0.7-win32-x86_64\bin\management.dll
Event: 3.217 Loaded shared library C:\Users\Admin\.vscode\extensions\redhat.java-1.18.0-win32-x64\jre\17.0.7-win32-x86_64\bin\management_ext.dll
Event: 4.851 Loaded shared library C:\Users\Admin\.vscode\extensions\redhat.java-1.18.0-win32-x64\jre\17.0.7-win32-x86_64\bin\sunmscapi.dll
Event: 10.724 Loaded shared library c:\Users\Admin\.vscode\extensions\redhat.java-1.18.0-win32-x64\jre\17.0.7-win32-x86_64\bin\verify.dll
Event: 14.700 Loaded shared library C:\Users\Admin\AppData\Local\Temp\snappy-1.1.8-cf788a6f-1d5c-4baa-b2fc-a3ac6e29066d-snappyjava.dll

Deoptimization events (20 events):
Event: 1196.397 Thread 0x000001478a378b90 DEOPT PACKING pc=0x00000147fb957c8c sp=0x00000032c2bfdfc0
Event: 1196.397 Thread 0x000001478a378b90 DEOPT UNPACKING pc=0x00000147fb587143 sp=0x00000032c2bfd520 mode 0
Event: 1196.397 Thread 0x000001478a378b90 DEOPT PACKING pc=0x00000147fb957c8c sp=0x00000032c2bfe2d0
Event: 1196.397 Thread 0x000001478a378b90 DEOPT UNPACKING pc=0x00000147fb587143 sp=0x00000032c2bfd830 mode 0
Event: 1196.397 Thread 0x000001478a378b90 DEOPT PACKING pc=0x00000147fcbd8cf4 sp=0x00000032c2bfe550
Event: 1196.397 Thread 0x000001478a378b90 DEOPT UNPACKING pc=0x00000147fb587143 sp=0x00000032c2bfdfc0 mode 0
Event: 1355.687 Thread 0x000001478a37ad40 DEOPT PACKING pc=0x00000147fd113d9d sp=0x00000032c2cfd0a0
Event: 1355.687 Thread 0x000001478a37ad40 DEOPT UNPACKING pc=0x00000147fb587143 sp=0x00000032c2cfc5d0 mode 3
Event: 1390.964 Thread 0x000001478a3786c0 DEOPT PACKING pc=0x00000147fc97e6a6 sp=0x00000032c2afda40
Event: 1390.964 Thread 0x000001478a3786c0 DEOPT UNPACKING pc=0x00000147fb587143 sp=0x00000032c2afcfc8 mode 0
Event: 1396.230 Thread 0x000001478a3786c0 DEOPT PACKING pc=0x00000147fce52a79 sp=0x00000032c2afb890
Event: 1396.230 Thread 0x000001478a3786c0 DEOPT UNPACKING pc=0x00000147fb587143 sp=0x00000032c2afaeb8 mode 0
Event: 1396.230 Thread 0x000001478a3786c0 DEOPT PACKING pc=0x00000147fcedfdac sp=0x00000032c2afbe70
Event: 1396.230 Thread 0x000001478a3786c0 DEOPT UNPACKING pc=0x00000147fb587143 sp=0x00000032c2afb340 mode 0
Event: 19835.687 Thread 0x000001478a37c550 DEOPT PACKING pc=0x00000147fc8e607c sp=0x00000032c10fb550
Event: 19835.688 Thread 0x000001478a37c550 DEOPT UNPACKING pc=0x00000147fb587143 sp=0x00000032c10faad8 mode 0
Event: 19835.688 Thread 0x000001478a37c550 DEOPT PACKING pc=0x00000147fcb16344 sp=0x00000032c10fb6f0
Event: 19835.688 Thread 0x000001478a37c550 DEOPT UNPACKING pc=0x00000147fb587143 sp=0x00000032c10fac00 mode 0
Event: 19836.076 Thread 0x000001478a37c550 DEOPT PACKING pc=0x00000147fcf5fa2c sp=0x00000032c10fe340
Event: 19836.076 Thread 0x000001478a37c550 DEOPT UNPACKING pc=0x00000147fb587143 sp=0x00000032c10fd8b0 mode 0

Classes unloaded (20 events):
Event: 1421.237 Thread 0x000001478440c920 Unloading class 0x0000000100531400 'java/lang/invoke/LambdaForm$MH+0x0000000100531400'
Event: 1421.237 Thread 0x000001478440c920 Unloading class 0x00000001004e4800 'java/lang/invoke/LambdaForm$MH+0x00000001004e4800'
Event: 1874.305 Thread 0x000001478440c920 Unloading class 0x00000001009e8400 'jdk/internal/reflect/GeneratedConstructorAccessor84'
Event: 1874.305 Thread 0x000001478440c920 Unloading class 0x00000001009e8000 'jdk/internal/reflect/GeneratedConstructorAccessor83'
Event: 1996.820 Thread 0x000001478440c920 Unloading class 0x00000001009dc800 'jdk/internal/reflect/GeneratedMethodAccessor48'
Event: 1996.820 Thread 0x000001478440c920 Unloading class 0x00000001009d4c00 'jdk/internal/reflect/GeneratedConstructorAccessor82'
Event: 1996.820 Thread 0x000001478440c920 Unloading class 0x00000001009d4800 'jdk/internal/reflect/GeneratedMethodAccessor47'
Event: 1996.820 Thread 0x000001478440c920 Unloading class 0x00000001009d4400 'jdk/internal/reflect/GeneratedConstructorAccessor81'
Event: 1996.820 Thread 0x000001478440c920 Unloading class 0x00000001009d4000 'jdk/internal/reflect/GeneratedMethodAccessor46'
Event: 1996.820 Thread 0x000001478440c920 Unloading class 0x00000001009d5400 'jdk/internal/reflect/GeneratedMethodAccessor45'
Event: 1996.820 Thread 0x000001478440c920 Unloading class 0x00000001009d5000 'jdk/internal/reflect/GeneratedMethodAccessor44'
Event: 20052.899 Thread 0x000001478440c920 Unloading class 0x00000001009d5400 'jdk/internal/reflect/GeneratedConstructorAccessor88'
Event: 20052.899 Thread 0x000001478440c920 Unloading class 0x00000001009d5000 'jdk/internal/reflect/GeneratedConstructorAccessor87'
Event: 20052.899 Thread 0x000001478440c920 Unloading class 0x00000001004e4800 'jdk/internal/reflect/GeneratedMethodAccessor53'
Event: 20052.899 Thread 0x000001478440c920 Unloading class 0x0000000100531400 'jdk/internal/reflect/GeneratedConstructorAccessor86'
Event: 20052.899 Thread 0x000001478440c920 Unloading class 0x00000001009d5800 'jdk/internal/reflect/GeneratedMethodAccessor52'
Event: 20052.899 Thread 0x000001478440c920 Unloading class 0x0000000100088c00 'jdk/internal/reflect/GeneratedConstructorAccessor85'
Event: 20052.899 Thread 0x000001478440c920 Unloading class 0x0000000100089400 'jdk/internal/reflect/GeneratedMethodAccessor51'
Event: 20052.899 Thread 0x000001478440c920 Unloading class 0x0000000100089c00 'jdk/internal/reflect/GeneratedMethodAccessor50'
Event: 20052.899 Thread 0x000001478440c920 Unloading class 0x00000001009dc800 'jdk/internal/reflect/GeneratedMethodAccessor49'

Classes redefined (0 events):
No events

Internal exceptions (20 events):
Event: 19855.326 Thread 0x0000014789608230 Exception <a 'sun/nio/fs/WindowsException'{0x00000000d1034478}> (0x00000000d1034478) 
thrown [s\src\hotspot\share\prims\jni.cpp, line 516]
Event: 19855.326 Thread 0x0000014789608230 Exception <a 'sun/nio/fs/WindowsException'{0x00000000d1034800}> (0x00000000d1034800) 
thrown [s\src\hotspot\share\prims\jni.cpp, line 516]
Event: 19855.326 Thread 0x0000014789608230 Exception <a 'sun/nio/fs/WindowsException'{0x00000000d1035730}> (0x00000000d1035730) 
thrown [s\src\hotspot\share\prims\jni.cpp, line 516]
Event: 19855.326 Thread 0x0000014789608230 Exception <a 'sun/nio/fs/WindowsException'{0x00000000d1035af0}> (0x00000000d1035af0) 
thrown [s\src\hotspot\share\prims\jni.cpp, line 516]
Event: 19855.394 Thread 0x0000014789608230 Exception <a 'sun/nio/fs/WindowsException'{0x00000000d1260278}> (0x00000000d1260278) 
thrown [s\src\hotspot\share\prims\jni.cpp, line 516]
Event: 19855.394 Thread 0x0000014789608230 Exception <a 'sun/nio/fs/WindowsException'{0x00000000d1260940}> (0x00000000d1260940) 
thrown [s\src\hotspot\share\prims\jni.cpp, line 516]
Event: 19855.394 Thread 0x0000014789608230 Exception <a 'sun/nio/fs/WindowsException'{0x00000000d1260ca0}> (0x00000000d1260ca0) 
thrown [s\src\hotspot\share\prims\jni.cpp, line 516]
Event: 19855.394 Thread 0x0000014789608230 Exception <a 'sun/nio/fs/WindowsException'{0x00000000d1261ca0}> (0x00000000d1261ca0) 
thrown [s\src\hotspot\share\prims\jni.cpp, line 516]
Event: 19855.394 Thread 0x0000014789608230 Exception <a 'sun/nio/fs/WindowsException'{0x00000000d1262050}> (0x00000000d1262050) 
thrown [s\src\hotspot\share\prims\jni.cpp, line 516]
Event: 19855.395 Thread 0x0000014789608230 Exception <a 'sun/nio/fs/WindowsException'{0x00000000d1262d80}> (0x00000000d1262d80) 
thrown [s\src\hotspot\share\prims\jni.cpp, line 516]
Event: 19855.395 Thread 0x0000014789608230 Exception <a 'sun/nio/fs/WindowsException'{0x00000000d1263470}> (0x00000000d1263470) 
thrown [s\src\hotspot\share\prims\jni.cpp, line 516]
Event: 19855.395 Thread 0x0000014789608230 Exception <a 'sun/nio/fs/WindowsException'{0x00000000d12637f8}> (0x00000000d12637f8) 
thrown [s\src\hotspot\share\prims\jni.cpp, line 516]
Event: 19855.395 Thread 0x0000014789608230 Exception <a 'sun/nio/fs/WindowsException'{0x00000000d1264728}> (0x00000000d1264728) 
thrown [s\src\hotspot\share\prims\jni.cpp, line 516]
Event: 19855.395 Thread 0x0000014789608230 Exception <a 'sun/nio/fs/WindowsException'{0x00000000d1264ae8}> (0x00000000d1264ae8) 
thrown [s\src\hotspot\share\prims\jni.cpp, line 516]
Event: 19928.505 Thread 0x000001478a37c550 Exception <a 'sun/nio/fs/WindowsException'{0x00000000d0a780a0}> (0x00000000d0a780a0) 
thrown [s\src\hotspot\share\prims\jni.cpp, line 516]
Event: 19928.505 Thread 0x000001478a37c550 Exception <a 'sun/nio/fs/WindowsException'{0x00000000d0a793a8}> (0x00000000d0a793a8) 
thrown [s\src\hotspot\share\prims\jni.cpp, line 516]
Event: 19928.650 Thread 0x000001478a379a00 Exception <a 'java/lang/ClassCastException'{0x00000000ced8b260}> (0x00000000ced8b260) 
thrown [s\src\hotspot\share\runtime\sharedRuntime.cpp, line 628]
Event: 19929.230 Thread 0x000001478a378b90 Exception <a 'sun/nio/fs/WindowsException'{0x00000000d07fa1d0}> (0x00000000d07fa1d0) 
thrown [s\src\hotspot\share\prims\jni.cpp, line 516]
Event: 19929.231 Thread 0x000001478a378b90 Exception <a 'sun/nio/fs/WindowsException'{0x00000000d07fb4d8}> (0x00000000d07fb4d8) 
thrown [s\src\hotspot\share\prims\jni.cpp, line 516]
Event: 19929.386 Thread 0x000001478a3786c0 Exception <a 'java/lang/ClassCastException'{0x00000000cd793d28}> (0x00000000cd793d28) 
thrown [s\src\hotspot\share\runtime\sharedRuntime.cpp, line 628]

VM Operations (20 events):
Event: 20165.436 Executing VM operation: G1CollectFull done
Event: 20175.623 Executing VM operation: G1CollectFull
Event: 20175.697 Executing VM operation: G1CollectFull done
Event: 20185.843 Executing VM operation: G1CollectFull
Event: 20185.902 Executing VM operation: G1CollectFull done
Event: 20196.054 Executing VM operation: G1CollectFull
Event: 20196.109 Executing VM operation: G1CollectFull done
Event: 20206.254 Executing VM operation: G1CollectFull
Event: 20206.312 Executing VM operation: G1CollectFull done
Event: 20216.459 Executing VM operation: G1CollectFull
Event: 20216.517 Executing VM operation: G1CollectFull done
Event: 20226.672 Executing VM operation: G1CollectFull
Event: 20226.732 Executing VM operation: G1CollectFull done
Event: 20236.891 Executing VM operation: G1CollectFull
Event: 20236.948 Executing VM operation: G1CollectFull done
Event: 20247.098 Executing VM operation: G1CollectFull
Event: 20247.161 Executing VM operation: G1CollectFull done
Event: 20257.327 Executing VM operation: G1CollectFull
Event: 20257.389 Executing VM operation: G1CollectFull done
Event: 20267.564 Executing VM operation: G1CollectFull

Events (20 events):
Event: 19735.026 Thread 0x000001478a37c550 Thread added: 0x000001478a37c550
Event: 19745.487 Thread 0x000001478a3786c0 Thread added: 0x000001478a3786c0
Event: 19745.488 Thread 0x000001478a378b90 Thread added: 0x000001478a378b90
Event: 19747.058 Thread 0x000001478a379a00 Thread added: 0x000001478a379a00
Event: 19782.645 Thread 0x0000014789329b40 Thread added: 0x0000014789329b40
Event: 19784.141 Thread 0x00000147934b7ed0 Thread added: 0x00000147934b7ed0
Event: 19784.141 Thread 0x00000147934b83e0 Thread added: 0x00000147934b83e0
Event: 19789.446 Thread 0x00000147934b83e0 Thread exited: 0x00000147934b83e0
Event: 19789.596 Thread 0x00000147934b7ed0 Thread exited: 0x00000147934b7ed0
Event: 19789.596 Thread 0x0000014789329b40 Thread exited: 0x0000014789329b40
Event: 19836.061 Thread 0x0000014784472fe0 flushing nmethod 0x00000147fb957890
Event: 19836.080 Thread 0x0000014784472fe0 flushing nmethod 0x00000147fcbd2510
Event: 19836.082 Thread 0x0000014784472fe0 flushing nmethod 0x00000147fcdffb90
Event: 19912.235 Thread 0x000001478a37ad40 Thread exited: 0x000001478a37ad40
Event: 19915.490 Thread 0x000001478a379a00 Thread exited: 0x000001478a379a00
Event: 19928.503 Thread 0x000001478a379a00 Thread added: 0x000001478a379a00
Event: 19989.367 Thread 0x000001478a379a00 Thread exited: 0x000001478a379a00
Event: 19989.769 Thread 0x000001478a378b90 Thread exited: 0x000001478a378b90
Event: 19989.769 Thread 0x000001478a3786c0 Thread exited: 0x000001478a3786c0
Event: 20049.773 Thread 0x000001478a37c550 Thread exited: 0x000001478a37c550


Dynamic libraries:
0x00007ff626800000 - 0x00007ff62680e000 	c:\Users\Admin\.vscode\extensions\redhat.java-1.18.0-win32-x64\jre\17.0.7-win32-x86_64\bin\java.exe
0x00007ffefd5f0000 - 0x00007ffefd7e8000 	C:\WINDOWS\SYSTEM32\ntdll.dll
0x00007ffefd020000 - 0x00007ffefd0df000 	C:\WINDOWS\System32\KERNEL32.DLL
0x00007ffefb170000 - 0x00007ffefb466000 	C:\WINDOWS\System32\KERNELBASE.dll
0x00007ffefb550000 - 0x00007ffefb650000 	C:\WINDOWS\System32\ucrtbase.dll
0x00007ffedb620000 - 0x00007ffedb637000 	c:\Users\Admin\.vscode\extensions\redhat.java-1.18.0-win32-x64\jre\17.0.7-win32-x86_64\bin\jli.dll
0x00007ffec0920000 - 0x00007ffec0939000 	c:\Users\Admin\.vscode\extensions\redhat.java-1.18.0-win32-x64\jre\17.0.7-win32-x86_64\bin\VCRUNTIME140.dll
0x00007ffefbe80000 - 0x00007ffefc01d000 	C:\WINDOWS\System32\USER32.dll
0x00007ffee63c0000 - 0x00007ffee665a000 	C:\WINDOWS\WinSxS\amd64_microsoft.windows.common-controls_6595b64144ccf1df_6.0.19041.1110_none_60b5254171f9507e\COMCTL32.dll
0x00007ffefcda0000 - 0x00007ffefce3e000 	C:\WINDOWS\System32\msvcrt.dll
0x00007ffefaea0000 - 0x00007ffefaec2000 	C:\WINDOWS\System32\win32u.dll
0x00007ffefbe50000 - 0x00007ffefbe7c000 	C:\WINDOWS\System32\GDI32.dll
0x00007ffefaf60000 - 0x00007ffefb075000 	C:\WINDOWS\System32\gdi32full.dll
0x00007ffefb0d0000 - 0x00007ffefb16d000 	C:\WINDOWS\System32\msvcp_win.dll
0x00007ffefccf0000 - 0x00007ffefcd20000 	C:\WINDOWS\System32\IMM32.DLL
0x00007ffeef380000 - 0x00007ffeef38c000 	c:\Users\Admin\.vscode\extensions\redhat.java-1.18.0-win32-x64\jre\17.0.7-win32-x86_64\bin\vcruntime140_1.dll
0x00007ffeb7580000 - 0x00007ffeb7611000 	c:\Users\Admin\.vscode\extensions\redhat.java-1.18.0-win32-x64\jre\17.0.7-win32-x86_64\bin\msvcp140.dll
0x00007ffe61ed0000 - 0x00007ffe62b18000 	c:\Users\Admin\.vscode\extensions\redhat.java-1.18.0-win32-x64\jre\17.0.7-win32-x86_64\bin\server\jvm.dll
0x00007ffefb650000 - 0x00007ffefb6ff000 	C:\WINDOWS\System32\ADVAPI32.dll
0x00007ffefcac0000 - 0x00007ffefcb5c000 	C:\WINDOWS\System32\sechost.dll
0x00007ffefc150000 - 0x00007ffefc276000 	C:\WINDOWS\System32\RPCRT4.dll
0x00007ffeef290000 - 0x00007ffeef299000 	C:\WINDOWS\SYSTEM32\WSOCK32.dll
0x00007ffeecfc0000 - 0x00007ffeecfe7000 	C:\WINDOWS\SYSTEM32\WINMM.dll
0x00007ffef3b50000 - 0x00007ffef3b5a000 	C:\WINDOWS\SYSTEM32\VERSION.dll
0x00007ffefcbf0000 - 0x00007ffefcc5b000 	C:\WINDOWS\System32\WS2_32.dll
0x00007ffef8bb0000 - 0x00007ffef8bc2000 	C:\WINDOWS\SYSTEM32\kernel.appcore.dll
0x00007ffeed7a0000 - 0x00007ffeed7aa000 	c:\Users\Admin\.vscode\extensions\redhat.java-1.18.0-win32-x64\jre\17.0.7-win32-x86_64\bin\jimage.dll
0x00007ffeec600000 - 0x00007ffeec7e4000 	C:\WINDOWS\SYSTEM32\DBGHELP.DLL
0x00007ffee26c0000 - 0x00007ffee26f4000 	C:\WINDOWS\SYSTEM32\dbgcore.DLL
0x00007ffefaed0000 - 0x00007ffefaf52000 	C:\WINDOWS\System32\bcryptPrimitives.dll
0x00007ffeb7550000 - 0x00007ffeb7575000 	c:\Users\Admin\.vscode\extensions\redhat.java-1.18.0-win32-x64\jre\17.0.7-win32-x86_64\bin\java.dll
0x00007ffec08b0000 - 0x00007ffec08c8000 	c:\Users\Admin\.vscode\extensions\redhat.java-1.18.0-win32-x64\jre\17.0.7-win32-x86_64\bin\zip.dll
0x00007ffefb700000 - 0x00007ffefbe44000 	C:\WINDOWS\System32\SHELL32.dll
0x00007ffef8db0000 - 0x00007ffef9543000 	C:\WINDOWS\SYSTEM32\windows.storage.dll
0x00007ffefc280000 - 0x00007ffefc5d4000 	C:\WINDOWS\System32\combase.dll
0x00007ffefa730000 - 0x00007ffefa75e000 	C:\WINDOWS\SYSTEM32\Wldp.dll
0x00007ffefc800000 - 0x00007ffefc8ad000 	C:\WINDOWS\System32\SHCORE.dll
0x00007ffefd550000 - 0x00007ffefd5a5000 	C:\WINDOWS\System32\shlwapi.dll
0x00007ffefac10000 - 0x00007ffefac2f000 	C:\WINDOWS\SYSTEM32\profapi.dll
0x00007ffeb7530000 - 0x00007ffeb7549000 	C:\Users\Admin\.vscode\extensions\redhat.java-1.18.0-win32-x64\jre\17.0.7-win32-x86_64\bin\net.dll
0x00007ffef3120000 - 0x00007ffef322a000 	C:\WINDOWS\SYSTEM32\WINHTTP.dll
0x00007ffefa490000 - 0x00007ffefa4fa000 	C:\WINDOWS\system32\mswsock.dll
0x00007ffea82d0000 - 0x00007ffea82e5000 	C:\Users\Admin\.vscode\extensions\redhat.java-1.18.0-win32-x64\jre\17.0.7-win32-x86_64\bin\nio.dll
0x00007ffefa690000 - 0x00007ffefa6a8000 	C:\WINDOWS\SYSTEM32\CRYPTSP.dll
0x00007ffef9d40000 - 0x00007ffef9d74000 	C:\WINDOWS\system32\rsaenh.dll
0x00007ffefb470000 - 0x00007ffefb497000 	C:\WINDOWS\System32\bcrypt.dll
0x00007ffefabd0000 - 0x00007ffefabfe000 	C:\WINDOWS\SYSTEM32\USERENV.dll
0x00007ffefa680000 - 0x00007ffefa68c000 	C:\WINDOWS\SYSTEM32\CRYPTBASE.dll
0x00007ffefa130000 - 0x00007ffefa16c000 	C:\WINDOWS\SYSTEM32\IPHLPAPI.DLL
0x00007ffefc6c0000 - 0x00007ffefc6c8000 	C:\WINDOWS\System32\NSI.dll
0x00007ffef4a10000 - 0x00007ffef4a27000 	C:\WINDOWS\SYSTEM32\dhcpcsvc6.DLL
0x00007ffef42c0000 - 0x00007ffef42dd000 	C:\WINDOWS\SYSTEM32\dhcpcsvc.DLL
0x00007ffefa180000 - 0x00007ffefa24b000 	C:\WINDOWS\SYSTEM32\DNSAPI.dll
0x00007ffed77b0000 - 0x00007ffed77b9000 	C:\Users\Admin\.vscode\extensions\redhat.java-1.18.0-win32-x64\jre\17.0.7-win32-x86_64\bin\management.dll
0x00007ffed7720000 - 0x00007ffed772b000 	C:\Users\Admin\.vscode\extensions\redhat.java-1.18.0-win32-x64\jre\17.0.7-win32-x86_64\bin\management_ext.dll
0x00007ffefcce0000 - 0x00007ffefcce8000 	C:\WINDOWS\System32\PSAPI.DLL
0x00007ffeef390000 - 0x00007ffeef39e000 	C:\Users\Admin\.vscode\extensions\redhat.java-1.18.0-win32-x64\jre\17.0.7-win32-x86_64\bin\sunmscapi.dll
0x00007ffefacd0000 - 0x00007ffefae2e000 	C:\WINDOWS\System32\CRYPT32.dll
0x00007ffefa7a0000 - 0x00007ffefa7c8000 	C:\WINDOWS\SYSTEM32\ncrypt.dll
0x00007ffefa760000 - 0x00007ffefa79b000 	C:\WINDOWS\SYSTEM32\NTASN1.dll
0x00007ffeee480000 - 0x00007ffeee48a000 	C:\Windows\System32\rasadhlp.dll
0x00007ffeee850000 - 0x00007ffeee8d2000 	C:\WINDOWS\System32\fwpuclnt.dll
0x00007ffed8070000 - 0x00007ffed8080000 	c:\Users\Admin\.vscode\extensions\redhat.java-1.18.0-win32-x64\jre\17.0.7-win32-x86_64\bin\verify.dll
0x000000006c500000 - 0x000000006c5c7000 	C:\Users\Admin\AppData\Local\Temp\snappy-1.1.8-cf788a6f-1d5c-4baa-b2fc-a3ac6e29066d-snappyjava.dll

dbghelp: loaded successfully - version: 4.0.5 - missing functions: none
symbol engine: initialized successfully - sym options: 0x614 - pdb path: .;c:\Users\Admin\.vscode\extensions\redhat.java-1.18.0-win32-x64\jre\17.0.7-win32-x86_64\bin;C:\WINDOWS\SYSTEM32;C:\WINDOWS\WinSxS\amd64_microsoft.windows.common-controls_6595b64144ccf1df_6.0.19041.1110_none_60b5254171f9507e;c:\Users\Admin\.vscode\extensions\redhat.java-1.18.0-win32-x64\jre\17.0.7-win32-x86_64\bin\server;C:\Users\Admin\AppData\Local\Temp

VM Arguments:
jvm_args: -XX:+HeapDumpOnOutOfMemoryError -Xmx1024m -Dsts.lsp.client=vscode -Dsts.log.file=/dev/null -XX:TieredStopAtLevel=1 -Xlog:jni+resolve=off -Dspring.config.location=file:c:\Users\Admin\.vscode\extensions\vmware.vscode-spring-boot-1.46.0\language-server\BOOT-INF\classes\application.properties 
java_command: org.springframework.ide.vscode.boot.app.BootLanguageServerBootApp
java_class_path (initial): c:\Users\Admin\.vscode\extensions\vmware.vscode-spring-boot-1.46.0\language-server\BOOT-INF\classes;c:\Users\Admin\.vscode\extensions\vmware.vscode-spring-boot-1.46.0\language-server\BOOT-INF\lib\annotations-24.0.1.jar;c:\Users\Admin\.vscode\extensions\vmware.vscode-spring-boot-1.46.0\language-server\BOOT-INF\lib\antlr-runtime-3.5.3.jar;c:\Users\Admin\.vscode\extensions\vmware.vscode-spring-boot-1.46.0\language-server\BOOT-INF\lib\antlr4-4.11.1.jar;c:\Users\Admin\.vscode\extensions\vmware.vscode-spring-boot-1.46.0\language-server\BOOT-INF\lib\antlr4-runtime-4.11.1.jar;c:\Users\Admin\.vscode\extensions\vmware.vscode-spring-boot-1.46.0\language-server\BOOT-INF\lib\asm-9.5.jar;c:\Users\Admin\.vscode\extensions\vmware.vscode-spring-boot-1.46.0\language-server\BOOT-INF\lib\asm-analysis-9.5.jar;c:\Users\Admin\.vscode\extensions\vmware.vscode-spring-boot-1.46.0\language-server\BOOT-INF\lib\asm-tree-9.5.jar;c:\Users\Admin\.vscode\extensions\vmware.vscode-spring-boot-1.46.0\language-server\BOOT-INF\lib\asm-util-9.5.jar;c:\Users\Admin\.vscode\extensions\vmware.vscode-spring-boot-1.46.0\language-server\BOOT-INF\lib\caffeine-3.1.2.jar;c:\Users\Admin\.vscode\extensions\vmware.vscode-spring-boot-1.46.0\language-server\BOOT-INF\lib\checker-qual-3.12.0.jar;c:\Users\Admin\.vscode\extensions\vmware.vscode-spring-boot-1.46.0\language-server\BOOT-INF\lib\classgraph-4.8.149.jar;c:\Users\Admin\.vscode\extensions\vmware.vscode-spring-boot-1.46.0\language-server\BOOT-INF\lib\commons-codec-1.15.jar;c:\Users\Admin\.vscode\extensions\vmware.vscode-spring-boot-1.46.0\language-server\BOOT-INF\lib\commons-compress-1.23.0.jar;c:\Users\Admin\.vscode\extensions\vmware.vscode-spring-boot-1.46.0\language-server\BOOT-INF\lib\commons-io-2.4.jar;c:\Users\Admin\.vscode\extensions\vmware.vscode-spring-boot-1.46.0\language-server\BOOT-INF\lib\commons-java-1.46.0-SNAPSHOT.jar;c:\Users\Admin\.vscode\extensions\vmware.vscode-spring-boot-1.46.0\language-server\BOOT-INF\lib\commons-
Launcher Type: SUN_STANDARD

[Global flags]
     intx CICompilerCount                          = 4                                         {product} {ergonomic}
     uint ConcGCThreads                            = 3                                         {product} {ergonomic}
     uint G1ConcRefinementThreads                  = 10                                        {product} {ergonomic}
   size_t G1HeapRegionSize                         = 1048576                                   {product} {ergonomic}
    uintx GCDrainStackTargetSize                   = 64                                        {product} {ergonomic}
     bool HeapDumpOnOutOfMemoryError               = true                                   {manageable} {command line}
   size_t InitialHeapSize                          = 268435456                                 {product} {ergonomic}
   size_t MarkStackSize                            = 4194304                                   {product} {ergonomic}
   size_t MaxHeapSize                              = 1073741824                                {product} {command line}
   size_t MaxNewSize                               = 643825664                                 {product} {ergonomic}
   size_t MinHeapDeltaBytes                        = 1048576                                   {product} {ergonomic}
   size_t MinHeapSize                              = 8388608                                   {product} {ergonomic}
    uintx NonProfiledCodeHeapSize                  = 0                                      {pd product} {ergonomic}
     bool ProfileInterpreter                       = false                                  {pd product} {command line}
    uintx ProfiledCodeHeapSize                     = 0                                      {pd product} {ergonomic}
   size_t SoftMaxHeapSize                          = 1073741824                             {manageable} {ergonomic}
     intx TieredStopAtLevel                        = 1                                         {product} {command line}
     bool UseCompressedClassPointers               = true                           {product lp64_product} {ergonomic}
     bool UseCompressedOops                        = true                           {product lp64_product} {ergonomic}
     bool UseG1GC                                  = true                                      {product} {ergonomic}
     bool UseLargePagesIndividualAllocation        = false                                  {pd product} {ergonomic}

Logging:
Log output configuration:
 #0: stdout all=warning,jni+resolve=off uptime,level,tags
 #1: stderr all=off uptime,level,tags

Environment Variables:
JAVA_HOME=C:\Program Files\Java\jdk-11
PATH=C:\Program Files\Common Files\Oracle\Java\javapath;C:\ProgramData\Oracle\Java\javapath;C:\WINDOWS\system32;C:\WINDOWS;C:\WINDOWS\System32\Wbem;C:\WINDOWS\System32\WindowsPowerShell\v1.0\;C:\WINDOWS\System32\OpenSSH\;C:\Program Files\Java\jdk-18\bin;C:\Program Files (x86)\Microsoft SQL Server\150\Tools\Binn\;C:\Program Files\Microsoft SQL Server\150\Tools\Binn\;C:\Program Files (x86)\Microsoft SQL Server\150\DTS\Binn\;C:\Program Files\Microsoft SQL Server\150\DTS\Binn\;C:\Program Files\Microsoft SQL Server\Client SDK\ODBC\170\Tools\Binn\;C:\Program Files\Azure Data Studio\bin;C:\Program Files\Git\cmd;C:\Program Files\Cloudflare\Cloudflare WARP\;C:\Program Files\dotnet\;C:\Program Files\Java\jdk-11\bin;C:\Users\Admin\AppData\Local\Microsoft\WindowsApps;;C:\Program Files\Azure Data Studio\bin;C:\Users\Admin\AppData\Local\Programs\Microsoft VS Code\bin;C:\Users\Admin\.dotnet\tools
USERNAME=Admin
OS=Windows_NT
PROCESSOR_IDENTIFIER=AMD64 Family 23 Model 8 Stepping 2, AuthenticAMD
TMP=C:\Users\Admin\AppData\Local\Temp
TEMP=C:\Users\Admin\AppData\Local\Temp



---------------  S Y S T E M  ---------------

OS:
 Windows 10 , 64 bit Build 19041 (10.0.19041.2913)
OS uptime: 4 days 6:18 hours

CPU: total 12 (initial active 12) (12 cores per cpu, 2 threads per core) family 23 model 8 stepping 2 microcode 0x0, cx8, cmov, fxsr, ht, mmx, 3dnowpref, sse, sse2, sse3, ssse3, sse4a, sse4.1, sse4.2, popcnt, lzcnt, tsc, tscinvbit, avx, avx2, aes, clmul, bmi1, bmi2, adx, sha, fma, vzeroupper, clflush, clflushopt

Memory: 4k page, system-wide physical 16334M (3740M free)
TotalPageFile size 28334M (AvailPageFile size 10M)
current process WorkingSet (physical memory assigned to process): 423M, peak: 1207M
current process commit charge ("private bytes"): 543M, peak: 1196M

vm_info: OpenJDK 64-Bit Server VM (17.0.7+7) for windows-amd64 JRE (17.0.7+7), built on Apr 18 2023 22:10:42 by "temurin" with MS VC++ 16.7 (VS2019)

END.
